# JRE version: Java(TM) SE Runtime Environment (21.0.11+9) (build 21.0.11+9-LTS-211)
# Java VM: Java HotSpot(TM) 64-Bit Server VM (21.0.11+9-LTS-211, mixed mode, sharing, tiered, compressed oops, compressed class ptrs, g1 gc, windows-amd64)
GC Precious Log:
 CardTable entry size: 512
 Card Set container configuration: InlinePtr #cards 5 size 8 Array Of Cards #cards 12 size 40 Howl #buckets 4 coarsen threshold 1843 Howl Bitmap #cards 512 size 80 coarsen threshold 460 Card regions per heap region 1 cards per card region 2048
 CPUs: 8 total, 8 available
 Memory: 3962M
 Large Page Support: Disabled
 NUMA Support: Disabled
 Compressed Oops: Enabled (32-bit)
 Heap Region Size: 1M
 Heap Min Capacity: 8M
 Heap Initial Capacity: 62M
 Heap Max Capacity: 992M
 Pre-touch: Disabled
 Parallel Workers: 8
 Concurrent Workers: 2
 Concurrent Refinement Workers: 8
 Periodic GC: Disabled
Heap:
 garbage-first heap   total 73728K, used 35562K [0x00000000c2000000, 0x0000000100000000)
  region size 1024K, 7 young (7168K), 2 survivors (2048K)
 Metaspace       used 36029K, committed 36800K, reserved 1114112K
  class space    used 4319K, committed 4672K, reserved 1048576K
GC Heap History (16 events):
Event: 1.759 GC heap before
{Heap before GC invocations=0 (full 0):
 garbage-first heap   total 63488K, used 22528K [0x00000000c2000000, 0x0000000100000000)
  region size 1024K, 23 young (23552K), 0 survivors (0K)
 Metaspace       used 7367K, committed 7680K, reserved 1114112K
  class space    used 824K, committed 960K, reserved 1048576K
}
Event: 1.775 GC heap after
{Heap after GC invocations=1 (full 0):
 garbage-first heap   total 63488K, used 7296K [0x00000000c2000000, 0x0000000100000000)
  region size 1024K, 3 young (3072K), 3 survivors (3072K)
 Metaspace       used 7367K, committed 7680K, reserved 1114112K
  class space    used 824K, committed 960K, reserved 1048576K
}
Event: 2.671 GC heap before
{Heap before GC invocations=1 (full 0):
 garbage-first heap   total 63488K, used 32896K [0x00000000c2000000, 0x0000000100000000)
  region size 1024K, 28 young (28672K), 3 survivors (3072K)
 Metaspace       used 11471K, committed 11840K, reserved 1114112K
  class space    used 1301K, committed 1472K, reserved 1048576K
}
Event: 2.681 GC heap after
{Heap after GC invocations=2 (full 0):
 garbage-first heap   total 63488K, used 9170K [0x00000000c2000000, 0x0000000100000000)
  region size 1024K, 2 young (2048K), 2 survivors (2048K)
 Metaspace       used 11471K, committed 11840K, reserved 1114112K
  class space    used 1301K, committed 1472K, reserved 1048576K
}
Event: 4.068 GC heap before
{Heap before GC invocations=2 (full 0):
 garbage-first heap   total 63488K, used 42962K [0x00000000c2000000, 0x0000000100000000)
  region size 1024K, 33 young (33792K), 2 survivors (2048K)
 Metaspace       used 18136K, committed 18624K, reserved 1114112K
  class space    used 1968K, committed 2176K, reserved 1048576K
}
Event: 4.085 GC heap after
{Heap after GC invocations=3 (full 0):
 garbage-first heap   total 63488K, used 15360K [0x00000000c2000000, 0x0000000100000000)
  region size 1024K, 5 young (5120K), 5 survivors (5120K)
 Metaspace       used 18136K, committed 18624K, reserved 1114112K
  class space    used 1968K, committed 2176K, reserved 1048576K
}
Event: 4.441 GC heap before
{Heap before GC invocations=3 (full 0):
 garbage-first heap   total 63488K, used 26624K [0x00000000c2000000, 0x0000000100000000)
  region size 1024K, 17 young (17408K), 5 survivors (5120K)
 Metaspace       used 21082K, committed 21504K, reserved 1114112K
  class space    used 2278K, committed 2432K, reserved 1048576K
}
Event: 4.454 GC heap after
{Heap after GC invocations=4 (full 0):
 garbage-first heap   total 63488K, used 16950K [0x00000000c2000000, 0x0000000100000000)
  region size 1024K, 1 young (1024K), 1 survivors (1024K)
 Metaspace       used 21082K, committed 21504K, reserved 1114112K
  class space    used 2278K, committed 2432K, reserved 1048576K
}
Event: 5.112 GC heap before
{Heap before GC invocations=5 (full 0):
 garbage-first heap   total 61440K, used 45622K [0x00000000c2000000, 0x0000000100000000)
  region size 1024K, 30 young (30720K), 1 survivors (1024K)
 Metaspace       used 23893K, committed 24512K, reserved 1114112K
  class space    used 2664K, committed 2944K, reserved 1048576K
}
Event: 5.123 GC heap after
{Heap after GC invocations=6 (full 0):
 garbage-first heap   total 61440K, used 21499K [0x00000000c2000000, 0x0000000100000000)
  region size 1024K, 4 young (4096K), 4 survivors (4096K)
 Metaspace       used 23893K, committed 24512K, reserved 1114112K
  class space    used 2664K, committed 2944K, reserved 1048576K
}
Event: 5.963 GC heap before
{Heap before GC invocations=6 (full 0):
 garbage-first heap   total 61440K, used 47099K [0x00000000c2000000, 0x0000000100000000)
  region size 1024K, 29 young (29696K), 4 survivors (4096K)
 Metaspace       used 27411K, committed 28096K, reserved 1114112K
  class space    used 3128K, committed 3456K, reserved 1048576K
}
Event: 5.978 GC heap after
{Heap after GC invocations=7 (full 0):
 garbage-first heap   total 61440K, used 26115K [0x00000000c2000000, 0x0000000100000000)
  region size 1024K, 4 young (4096K), 4 survivors (4096K)
 Metaspace       used 27411K, committed 28096K, reserved 1114112K
  class space    used 3128K, committed 3456K, reserved 1048576K
}
Event: 9.420 GC heap before
{Heap before GC invocations=7 (full 0):
 garbage-first heap   total 61440K, used 47619K [0x00000000c2000000, 0x0000000100000000)
  region size 1024K, 25 young (25600K), 4 survivors (4096K)
 Metaspace       used 34022K, committed 34880K, reserved 1114112K
  class space    used 4056K, committed 4416K, reserved 1048576K
}
Event: 9.436 GC heap after
{Heap after GC invocations=8 (full 0):
 garbage-first heap   total 73728K, used 30304K [0x00000000c2000000, 0x0000000100000000)
  region size 1024K, 4 young (4096K), 4 survivors (4096K)
 Metaspace       used 34022K, committed 34880K, reserved 1114112K
  class space    used 4056K, committed 4416K, reserved 1048576K
}
Event: 19.758 GC heap before
{Heap before GC invocations=8 (full 0):
 garbage-first heap   total 73728K, used 35424K [0x00000000c2000000, 0x0000000100000000)
  region size 1024K, 10 young (10240K), 4 survivors (4096K)
 Metaspace       used 35354K, committed 36160K, reserved 1114112K
  class space    used 4246K, committed 4608K, reserved 1048576K
}
Event: 19.762 GC heap after
{Heap after GC invocations=9 (full 0):
 garbage-first heap   total 73728K, used 31466K [0x00000000c2000000, 0x0000000100000000)
  region size 1024K, 2 young (2048K), 2 survivors (2048K)
 Metaspace       used 35354K, committed 36160K, reserved 1114112K
  class space    used 4246K, committed 4608K, reserved 1048576K
}

