<?xml version="1.0" encoding="UTF-8"?>
<!-- Generated by org.testng.reporters.JUnitXMLReporter -->
<testsuite ignored="0" hostname="pc-21" failures="0" tests="6" name="Default test" time="10.44" errors="0" timestamp="2026-07-04T07:31:14 IST">
  <testcase classname="api.test.DDStoreTests2" name="testpostorder" time="3.007"/>
  <testcase classname="api.test.DDStoreTests2" name="testpostorder" time="1.138"/>
  <testcase classname="api.test.DDStoreTests2" name="testgetorder" time="1.636"/>
  <testcase classname="api.test.DDStoreTests2" name="testgetorder" time="1.115"/>
  <testcase classname="api.test.DDStoreTests2" name="testdeleteeorder" time="1.145"/>
  <testcase classname="api.test.DDStoreTests2" name="testdeleteeorder" time="1.121"/>
</testsuite> <!-- Default test -->
