<?xml version="1.0" encoding="UTF-8"?>
<!-- Generated by org.testng.reporters.JUnitXMLReporter -->
<testsuite ignored="0" hostname="pc-21" failures="0" tests="4" name="Default test" time="11.178" errors="0" timestamp="2026-07-01T16:34:36 IST">
  <testcase classname="api.test.UserTests" name="testpostuser" time="4.499"/>
  <testcase classname="api.test.UserTests" name="testReaduser" time="2.676"/>
  <testcase classname="api.test.UserTests" name="testUpdateuser" time="2.489"/>
  <testcase classname="api.test.UserTests" name="testDeleteuser" time="1.174"/>
</testsuite> <!-- Default test -->
