<?xml version="1.0" encoding="UTF-8"?>
<!-- Generated by org.testng.reporters.JUnitXMLReporter -->
<testsuite ignored="0" hostname="pc-21" failures="0" tests="15" name="Test" time="26.374" errors="0" timestamp="2026-07-02T19:57:03 IST">
  <testcase classname="api.test.DDTests" name="testPostUser" time="3.893"/>
  <testcase classname="api.test.DDTests" name="testPostUser" time="1.206"/>
  <testcase classname="api.test.DDTests" name="testPostUser" time="1.128"/>
  <testcase classname="api.test.UserTests" name="testpostuser" time="1.136"/>
  <testcase classname="api.test.SchemaValidation" name="testReaduserschema" time="1.87"/>
  <testcase classname="api.test.UserTests" name="testReaduser" time="2.493"/>
  <testcase classname="api.test.UserTests" name="testUpdateuser" time="2.339"/>
  <testcase classname="api.test.UserTests" name="testDeleteuser" time="1.19"/>
  <testcase classname="api.test.UserTests2" name="testpostuser" time="1.158"/>
  <testcase classname="api.test.UserTests2" name="testReaduser" time="1.155"/>
  <testcase classname="api.test.DDTests" name="testdeleteUser" time="1.12"/>
  <testcase classname="api.test.DDTests" name="testdeleteUser" time="1.127"/>
  <testcase classname="api.test.DDTests" name="testdeleteUser" time="1.124"/>
  <testcase classname="api.test.UserTests2" name="testUpdateuser" time="2.27"/>
  <testcase classname="api.test.UserTests2" name="testDeleteuser" time="1.177"/>
</testsuite> <!-- Test -->
