<?xml version="1.0" encoding="UTF-8"?>
<!-- Generated by org.testng.reporters.JUnitXMLReporter -->
<testsuite ignored="0" hostname="pc-21" failures="0" tests="56" name="Test" time="81.742" errors="0" timestamp="2026-07-10T23:41:03 IST">
  <testcase classname="api.chaining.test.Addanewpet" name="addpet" time="7.113"/>
  <testcase classname="api.chaining.test.Retrievepetdetails" name="getpet" time="1.174"/>
  <testcase classname="api.chaining.test.Updatepetdetails" name="addpet" time="1.247"/>
  <testcase classname="api.chaining.test.Deletepetdetails" name="deletepet" time="1.106"/>
  <testcase classname="api.chaining.test.Deletepetdetails" name="verifypetdeleted" time="1.091"/>
  <testcase classname="api.test.PetTests" name="TestPostPet" time="1.112"/>
  <testcase classname="api.test.PetTests2" name="TestPostPet" time="1.135"/>
  <testcase classname="api.test.PetSchemaValidation" name="TestPostPet" time="1.123"/>
  <testcase classname="api.test.DDPetTests" name="TestPostPet" time="1.091"/>
  <testcase classname="api.test.DDPetTests" name="TestPostPet" time="1.092"/>
  <testcase classname="api.test.DDPetTests" name="TestPostPet" time="1.1"/>
  <testcase classname="api.test.DDTests" name="testPostUser" time="1.114"/>
  <testcase classname="api.test.DDTests" name="testPostUser" time="1.094"/>
  <testcase classname="api.test.DDTests" name="testPostUser" time="1.095"/>
  <testcase classname="api.test.StoreTests2" name="testpostorder" time="1.089"/>
  <testcase classname="api.test.DDStoreTests2" name="testpostorder" time="1.138"/>
  <testcase classname="api.test.DDStoreTests2" name="testpostorder" time="1.103"/>
  <testcase classname="api.test.StoreTests" name="testpostorder" time="1.094"/>
  <testcase classname="api.test.UserTests2" name="testpostuser" time="1.094"/>
  <testcase classname="api.test.UserTests" name="testpostuser" time="1.116"/>
  <testcase classname="api.test.SchemaValidation" name="testReaduserschema" time="1.682"/>
  <testcase classname="api.test.UserTests" name="testReaduser" time="1.12"/>
  <testcase classname="api.test.UserTests" name="testUpdateuser" time="2.268"/>
  <testcase classname="api.test.UserTests" name="testDeleteuser" time="4.134"/>
  <testcase classname="api.test.PetTests" name="TestGetPet" time="1.335"/>
  <testcase classname="api.test.PetTests2" name="TestGetPet" time="1.1"/>
  <testcase classname="api.test.PetSchemaValidation" name="TestGetPet" time="1.125"/>
  <testcase classname="api.test.DDPetTests" name="TestGetPet" time="1.111"/>
  <testcase classname="api.test.DDPetTests" name="TestGetPet" time="1.108"/>
  <testcase classname="api.test.DDPetTests" name="TestGetPet" time="1.102"/>
  <testcase classname="api.test.UserTests2" name="testReaduser" time="1.093"/>
  <testcase classname="api.test.DDTests" name="testdeleteUser" time="1.111"/>
  <testcase classname="api.test.DDTests" name="testdeleteUser" time="1.098"/>
  <testcase classname="api.test.DDTests" name="testdeleteUser" time="2.082"/>
  <testcase classname="api.test.StoreTests2" name="testgetorder" time="1.086"/>
  <testcase classname="api.test.DDStoreTests2" name="testgetorder" time="1.099"/>
  <testcase classname="api.test.DDStoreTests2" name="testgetorder" time="1.082"/>
  <testcase classname="api.test.StoreTests" name="testgetorder" time="1.096"/>
  <testcase classname="api.test.PetTests" name="TestUpdatePet" time="1.069"/>
  <testcase classname="api.test.PetTests2" name="TestUpdatePet" time="1.083"/>
  <testcase classname="api.test.PetSchemaValidation" name="TestUpdatePet" time="1.077"/>
  <testcase classname="api.test.DDPetTests" name="TestUpdatePet" time="1.143"/>
  <testcase classname="api.test.DDPetTests" name="TestUpdatePet" time="1.082"/>
  <testcase classname="api.test.DDPetTests" name="TestUpdatePet" time="1.088"/>
  <testcase classname="api.test.UserTests2" name="testUpdateuser" time="2.185"/>
  <testcase classname="api.test.StoreTests2" name="testdeleteeorder" time="1.083"/>
  <testcase classname="api.test.DDStoreTests2" name="testdeleteeorder" time="1.088"/>
  <testcase classname="api.test.DDStoreTests2" name="testdeleteeorder" time="1.086"/>
  <testcase classname="api.test.StoreTests" name="testdeleteeorder" time="1.064"/>
  <testcase classname="api.test.PetTests" name="TestDeletePet" time="1.087"/>
  <testcase classname="api.test.PetTests2" name="TestDeletePet" time="1.079"/>
  <testcase classname="api.test.PetSchemaValidation" name="TestDeletePet" time="1.085"/>
  <testcase classname="api.test.DDPetTests" name="TestDeletePet" time="1.077"/>
  <testcase classname="api.test.DDPetTests" name="TestDeletePet" time="1.068"/>
  <testcase classname="api.test.DDPetTests" name="TestDeletePet" time="1.089"/>
  <testcase classname="api.test.UserTests2" name="testDeleteuser" time="1.073"/>
</testsuite> <!-- Test -->
