<?xml version="1.0" encoding="UTF-8"?>
<!-- Generated by org.testng.reporters.JUnitXMLReporter -->
<testsuite ignored="0" hostname="pc-21" failures="0" tests="56" name="Test" time="77.334" errors="0" timestamp="2026-07-10T23:49:46 IST">
  <testcase classname="api.chaining.test.Addanewpet" name="addpet" time="7.643"/>
  <testcase classname="api.chaining.test.Retrievepetdetails" name="getpet" time="1.173"/>
  <testcase classname="api.chaining.test.Updatepetdetails" name="addpet" time="1.233"/>
  <testcase classname="api.chaining.test.Deletepetdetails" name="deletepet" time="1.138"/>
  <testcase classname="api.chaining.test.Deletepetdetails" name="verifypetdeleted" time="1.142"/>
  <testcase classname="api.test.PetTests" name="TestPostPet" time="1.159"/>
  <testcase classname="api.test.PetTests2" name="TestPostPet" time="1.151"/>
  <testcase classname="api.test.PetSchemaValidation" name="TestPostPet" time="1.161"/>
  <testcase classname="api.test.DDPetTests" name="TestPostPet" time="1.121"/>
  <testcase classname="api.test.DDPetTests" name="TestPostPet" time="1.129"/>
  <testcase classname="api.test.DDPetTests" name="TestPostPet" time="1.124"/>
  <testcase classname="api.test.DDTests" name="testPostUser" time="1.112"/>
  <testcase classname="api.test.DDTests" name="testPostUser" time="1.116"/>
  <testcase classname="api.test.DDTests" name="testPostUser" time="1.107"/>
  <testcase classname="api.test.StoreTests2" name="testpostorder" time="1.126"/>
  <testcase classname="api.test.DDStoreTests2" name="testpostorder" time="1.158"/>
  <testcase classname="api.test.DDStoreTests2" name="testpostorder" time="1.132"/>
  <testcase classname="api.test.StoreTests" name="testpostorder" time="1.123"/>
  <testcase classname="api.test.UserTests2" name="testpostuser" time="1.129"/>
  <testcase classname="api.test.UserTests" name="testpostuser" time="1.12"/>
  <testcase classname="api.test.SchemaValidation" name="testReaduserschema" time="1.64"/>
  <testcase classname="api.test.UserTests" name="testReaduser" time="1.125"/>
  <testcase classname="api.test.UserTests" name="testUpdateuser" time="2.295"/>
  <testcase classname="api.test.UserTests" name="testDeleteuser" time="1.132"/>
  <testcase classname="api.test.PetTests" name="TestGetPet" time="1.332"/>
  <testcase classname="api.test.PetTests2" name="TestGetPet" time="1.142"/>
  <testcase classname="api.test.PetSchemaValidation" name="TestGetPet" time="1.169"/>
  <testcase classname="api.test.DDPetTests" name="TestGetPet" time="1.115"/>
  <testcase classname="api.test.DDPetTests" name="TestGetPet" time="1.125"/>
  <testcase classname="api.test.DDPetTests" name="TestGetPet" time="1.151"/>
  <testcase classname="api.test.UserTests2" name="testReaduser" time="1.126"/>
  <testcase classname="api.test.DDTests" name="testdeleteUser" time="1.11"/>
  <testcase classname="api.test.DDTests" name="testdeleteUser" time="1.112"/>
  <testcase classname="api.test.DDTests" name="testdeleteUser" time="1.106"/>
  <testcase classname="api.test.StoreTests2" name="testgetorder" time="1.126"/>
  <testcase classname="api.test.DDStoreTests2" name="testgetorder" time="1.129"/>
  <testcase classname="api.test.DDStoreTests2" name="testgetorder" time="1.133"/>
  <testcase classname="api.test.StoreTests" name="testgetorder" time="1.102"/>
  <testcase classname="api.test.PetTests" name="TestUpdatePet" time="1.104"/>
  <testcase classname="api.test.PetTests2" name="TestUpdatePet" time="1.117"/>
  <testcase classname="api.test.PetSchemaValidation" name="TestUpdatePet" time="1.099"/>
  <testcase classname="api.test.DDPetTests" name="TestUpdatePet" time="1.119"/>
  <testcase classname="api.test.DDPetTests" name="TestUpdatePet" time="1.108"/>
  <testcase classname="api.test.DDPetTests" name="TestUpdatePet" time="1.099"/>
  <testcase classname="api.test.UserTests2" name="testUpdateuser" time="2.22"/>
  <testcase classname="api.test.StoreTests2" name="testdeleteeorder" time="1.114"/>
  <testcase classname="api.test.DDStoreTests2" name="testdeleteeorder" time="1.112"/>
  <testcase classname="api.test.DDStoreTests2" name="testdeleteeorder" time="1.096"/>
  <testcase classname="api.test.StoreTests" name="testdeleteeorder" time="1.092"/>
  <testcase classname="api.test.PetTests" name="TestDeletePet" time="1.097"/>
  <testcase classname="api.test.PetTests2" name="TestDeletePet" time="1.076"/>
  <testcase classname="api.test.PetSchemaValidation" name="TestDeletePet" time="1.095"/>
  <testcase classname="api.test.DDPetTests" name="TestDeletePet" time="1.067"/>
  <testcase classname="api.test.DDPetTests" name="TestDeletePet" time="1.089"/>
  <testcase classname="api.test.DDPetTests" name="TestDeletePet" time="1.082"/>
  <testcase classname="api.test.UserTests2" name="testDeleteuser" time="1.087"/>
</testsuite> <!-- Test -->
