<?xml version="1.0" encoding="UTF-8"?>
<!-- Generated by org.testng.reporters.JUnitXMLReporter -->
<testsuite ignored="0" hostname="pc-21" failures="0" tests="15" name="Test" time="30.006" errors="0" timestamp="2026-07-03T00:13:28 IST">
  <testcase classname="api.test.DDTests" name="testPostUser" time="7.542"/>
  <testcase classname="api.test.DDTests" name="testPostUser" time="1.15"/>
  <testcase classname="api.test.DDTests" name="testPostUser" time="1.124"/>
  <testcase classname="api.test.UserTests" name="testpostuser" time="1.137"/>
  <testcase classname="api.test.SchemaValidation" name="testReaduserschema" time="1.482"/>
  <testcase classname="api.test.UserTests" name="testReaduser" time="1.727"/>
  <testcase classname="api.test.UserTests" name="testUpdateuser" time="2.248"/>
  <testcase classname="api.test.UserTests" name="testDeleteuser" time="1.136"/>
  <testcase classname="api.test.UserTests2" name="testpostuser" time="1.106"/>
  <testcase classname="api.test.UserTests2" name="testReaduser" time="1.104"/>
  <testcase classname="api.test.DDTests" name="testdeleteUser" time="1.104"/>
  <testcase classname="api.test.DDTests" name="testdeleteUser" time="1.101"/>
  <testcase classname="api.test.DDTests" name="testdeleteUser" time="1.106"/>
  <testcase classname="api.test.UserTests2" name="testUpdateuser" time="2.226"/>
  <testcase classname="api.test.UserTests2" name="testDeleteuser" time="1.101"/>
</testsuite> <!-- Test -->
