<?xml version="1.0" encoding="UTF-8"?>
<testng-results ignored="0" total="24" passed="24" failed="0" skipped="0">
  <reporter-output>
  </reporter-output>
  <suite started-at="2026-07-04T07:42:46 IST" name="Suite" finished-at="2026-07-04T07:43:26 IST" duration-ms="40093">
    <groups>
      <group name="schema">
        <method signature="SchemaValidation.testReaduserschema()[pri:0, instance:api.test.SchemaValidation@52e6fdee]" name="testReaduserschema" class="api.test.SchemaValidation"/>
      </group> <!-- schema -->
      <group name="post">
        <method signature="UserTests.testpostuser()[pri:1, instance:api.test.UserTests@14dd9eb7]" name="testpostuser" class="api.test.UserTests"/>
      </group> <!-- post -->
    </groups>
    <test started-at="2026-07-04T07:42:46 IST" name="Test" finished-at="2026-07-04T07:43:26 IST" duration-ms="40093">
      <class name="api.test.SchemaValidation">
        <test-method signature="testReaduserschema()[pri:0, instance:api.test.SchemaValidation@52e6fdee]" started-at="2026-07-04T07:43:00 IST" name="testReaduserschema" depends-on-groups="post" finished-at="2026-07-04T07:43:02 IST" duration-ms="1465" status="PASS">
          <reporter-output>
          </reporter-output>
        </test-method> <!-- testReaduserschema -->
      </class> <!-- api.test.SchemaValidation -->
      <class name="api.test.UserTests2">
        <test-method is-config="true" signature="setupdata()[pri:0, instance:api.test.UserTests2@6c80d78a]" started-at="2026-07-04T07:43:07 IST" name="setupdata" finished-at="2026-07-04T07:43:07 IST" duration-ms="42" status="PASS">
          <reporter-output>
          </reporter-output>
        </test-method> <!-- setupdata -->
        <test-method signature="testpostuser()[pri:1, instance:api.test.UserTests2@6c80d78a]" started-at="2026-07-04T07:43:07 IST" name="testpostuser" finished-at="2026-07-04T07:43:08 IST" duration-ms="1194" status="PASS">
          <reporter-output>
          </reporter-output>
        </test-method> <!-- testpostuser -->
        <test-method signature="testReaduser()[pri:2, instance:api.test.UserTests2@6c80d78a]" started-at="2026-07-04T07:43:08 IST" name="testReaduser" finished-at="2026-07-04T07:43:09 IST" duration-ms="1195" status="PASS">
          <reporter-output>
          </reporter-output>
        </test-method> <!-- testReaduser -->
        <test-method signature="testUpdateuser()[pri:3, instance:api.test.UserTests2@6c80d78a]" started-at="2026-07-04T07:43:19 IST" name="testUpdateuser" finished-at="2026-07-04T07:43:21 IST" duration-ms="2382" status="PASS">
          <reporter-output>
          </reporter-output>
        </test-method> <!-- testUpdateuser -->
        <test-method signature="testDeleteuser()[pri:4, instance:api.test.UserTests2@6c80d78a]" started-at="2026-07-04T07:43:25 IST" name="testDeleteuser" finished-at="2026-07-04T07:43:26 IST" duration-ms="1101" status="PASS">
          <reporter-output>
          </reporter-output>
        </test-method> <!-- testDeleteuser -->
      </class> <!-- api.test.UserTests2 -->
      <class name="api.test.UserTests">
        <test-method is-config="true" signature="setupdata()[pri:0, instance:api.test.UserTests@14dd9eb7]" started-at="2026-07-04T07:42:59 IST" name="setupdata" finished-at="2026-07-04T07:42:59 IST" duration-ms="121" status="PASS">
          <reporter-output>
          </reporter-output>
        </test-method> <!-- setupdata -->
        <test-method signature="testpostuser()[pri:1, instance:api.test.UserTests@14dd9eb7]" started-at="2026-07-04T07:42:59 IST" name="testpostuser" finished-at="2026-07-04T07:43:00 IST" duration-ms="1110" status="PASS">
          <reporter-output>
          </reporter-output>
        </test-method> <!-- testpostuser -->
        <test-method signature="testReaduser()[pri:0, instance:api.test.UserTests@14dd9eb7]" started-at="2026-07-04T07:43:02 IST" name="testReaduser" depends-on-groups="schema" finished-at="2026-07-04T07:43:03 IST" duration-ms="1601" status="PASS">
          <reporter-output>
          </reporter-output>
        </test-method> <!-- testReaduser -->
        <test-method signature="testUpdateuser()[pri:0, instance:api.test.UserTests@14dd9eb7]" started-at="2026-07-04T07:43:03 IST" name="testUpdateuser" finished-at="2026-07-04T07:43:06 IST" depends-on-methods="api.test.UserTests.testReaduser" duration-ms="2359" status="PASS">
          <reporter-output>
          </reporter-output>
        </test-method> <!-- testUpdateuser -->
        <test-method signature="testDeleteuser()[pri:0, instance:api.test.UserTests@14dd9eb7]" started-at="2026-07-04T07:43:06 IST" name="testDeleteuser" finished-at="2026-07-04T07:43:07 IST" depends-on-methods="api.test.UserTests.testUpdateuser" duration-ms="1196" status="PASS">
          <reporter-output>
          </reporter-output>
        </test-method> <!-- testDeleteuser -->
      </class> <!-- api.test.UserTests -->
      <class name="api.test.DDStoreTests2">
        <test-method signature="testpostorder(java.lang.String,java.lang.String,java.lang.String,java.lang.String,java.lang.String,java.lang.String)[pri:1, instance:api.test.DDStoreTests2@28eaa59a]" started-at="2026-07-04T07:42:56 IST" name="testpostorder" data-provider="Data1" finished-at="2026-07-04T07:42:57 IST" duration-ms="1129" status="PASS">
          <params>
            <param index="0">
              <value>
                <![CDATA[1234]]>
              </value>
            </param>
            <param index="1">
              <value>
                <![CDATA[123456]]>
              </value>
            </param>
            <param index="2">
              <value>
                <![CDATA[1]]>
              </value>
            </param>
            <param index="3">
              <value>
                <![CDATA[2026-07-03T12:40:09.959Z]]>
              </value>
            </param>
            <param index="4">
              <value>
                <![CDATA[placed]]>
              </value>
            </param>
            <param index="5">
              <value>
                <![CDATA[true]]>
              </value>
            </param>
          </params>
          <reporter-output>
          </reporter-output>
        </test-method> <!-- testpostorder -->
        <test-method signature="testpostorder(java.lang.String,java.lang.String,java.lang.String,java.lang.String,java.lang.String,java.lang.String)[pri:1, instance:api.test.DDStoreTests2@28eaa59a]" started-at="2026-07-04T07:42:57 IST" name="testpostorder" data-provider="Data1" finished-at="2026-07-04T07:42:58 IST" duration-ms="1121" status="PASS">
          <params>
            <param index="0">
              <value>
                <![CDATA[5678]]>
              </value>
            </param>
            <param index="1">
              <value>
                <![CDATA[567891]]>
              </value>
            </param>
            <param index="2">
              <value>
                <![CDATA[2]]>
              </value>
            </param>
            <param index="3">
              <value>
                <![CDATA[2026-07-02T12:40:08.959Z]]>
              </value>
            </param>
            <param index="4">
              <value>
                <![CDATA[placed]]>
              </value>
            </param>
            <param index="5">
              <value>
                <![CDATA[true]]>
              </value>
            </param>
          </params>
          <reporter-output>
          </reporter-output>
        </test-method> <!-- testpostorder -->
        <test-method signature="testgetorder(java.lang.String)[pri:2, instance:api.test.DDStoreTests2@28eaa59a]" started-at="2026-07-04T07:43:15 IST" name="testgetorder" data-provider="id1" finished-at="2026-07-04T07:43:16 IST" duration-ms="1192" status="PASS">
          <params>
            <param index="0">
              <value>
                <![CDATA[1234]]>
              </value>
            </param>
          </params>
          <reporter-output>
          </reporter-output>
        </test-method> <!-- testgetorder -->
        <test-method signature="testgetorder(java.lang.String)[pri:2, instance:api.test.DDStoreTests2@28eaa59a]" started-at="2026-07-04T07:43:16 IST" name="testgetorder" data-provider="id1" finished-at="2026-07-04T07:43:18 IST" duration-ms="1216" status="PASS">
          <params>
            <param index="0">
              <value>
                <![CDATA[5678]]>
              </value>
            </param>
          </params>
          <reporter-output>
          </reporter-output>
        </test-method> <!-- testgetorder -->
        <test-method signature="testdeleteeorder(java.lang.String)[pri:3, instance:api.test.DDStoreTests2@28eaa59a]" started-at="2026-07-04T07:43:21 IST" name="testdeleteeorder" data-provider="id1" finished-at="2026-07-04T07:43:22 IST" duration-ms="1185" status="PASS">
          <params>
            <param index="0">
              <value>
                <![CDATA[1234]]>
              </value>
            </param>
          </params>
          <reporter-output>
          </reporter-output>
        </test-method> <!-- testdeleteeorder -->
        <test-method signature="testdeleteeorder(java.lang.String)[pri:3, instance:api.test.DDStoreTests2@28eaa59a]" started-at="2026-07-04T07:43:22 IST" name="testdeleteeorder" data-provider="id1" finished-at="2026-07-04T07:43:24 IST" duration-ms="1223" status="PASS">
          <params>
            <param index="0">
              <value>
                <![CDATA[5678]]>
              </value>
            </param>
          </params>
          <reporter-output>
          </reporter-output>
        </test-method> <!-- testdeleteeorder -->
      </class> <!-- api.test.DDStoreTests2 -->
      <class name="api.test.StoreTests">
        <test-method is-config="true" signature="storedatasetup()[pri:0, instance:api.test.StoreTests@62150f9e]" started-at="2026-07-04T07:42:58 IST" name="storedatasetup" finished-at="2026-07-04T07:42:58 IST" duration-ms="64" status="PASS">
          <reporter-output>
          </reporter-output>
        </test-method> <!-- storedatasetup -->
        <test-method signature="testpostorder()[pri:1, instance:api.test.StoreTests@62150f9e]" started-at="2026-07-04T07:42:58 IST" name="testpostorder" finished-at="2026-07-04T07:42:59 IST" duration-ms="1115" status="PASS">
          <reporter-output>
          </reporter-output>
        </test-method> <!-- testpostorder -->
        <test-method signature="testgetorder()[pri:2, instance:api.test.StoreTests@62150f9e]" started-at="2026-07-04T07:43:18 IST" name="testgetorder" finished-at="2026-07-04T07:43:19 IST" duration-ms="1204" status="PASS">
          <reporter-output>
          </reporter-output>
        </test-method> <!-- testgetorder -->
        <test-method signature="testdeleteeorder()[pri:3, instance:api.test.StoreTests@62150f9e]" started-at="2026-07-04T07:43:24 IST" name="testdeleteeorder" finished-at="2026-07-04T07:43:25 IST" duration-ms="1155" status="PASS">
          <reporter-output>
          </reporter-output>
        </test-method> <!-- testdeleteeorder -->
      </class> <!-- api.test.StoreTests -->
      <class name="api.test.DDTests">
        <test-method signature="testPostUser(java.lang.String,java.lang.String,java.lang.String,java.lang.String,java.lang.String,java.lang.String,java.lang.String)[pri:1, instance:api.test.DDTests@1a451d4d]" started-at="2026-07-04T07:42:48 IST" name="testPostUser" data-provider="Data" finished-at="2026-07-04T07:42:53 IST" duration-ms="4727" status="PASS">
          <params>
            <param index="0">
              <value>
                <![CDATA[11234]]>
              </value>
            </param>
            <param index="1">
              <value>
                <![CDATA[testuser1]]>
              </value>
            </param>
            <param index="2">
              <value>
                <![CDATA[John]]>
              </value>
            </param>
            <param index="3">
              <value>
                <![CDATA[Canedy]]>
              </value>
            </param>
            <param index="4">
              <value>
                <![CDATA[a@gmail.com]]>
              </value>
            </param>
            <param index="5">
              <value>
                <![CDATA[test@5678]]>
              </value>
            </param>
            <param index="6">
              <value>
                <![CDATA[123456789]]>
              </value>
            </param>
          </params>
          <reporter-output>
          </reporter-output>
        </test-method> <!-- testPostUser -->
        <test-method signature="testPostUser(java.lang.String,java.lang.String,java.lang.String,java.lang.String,java.lang.String,java.lang.String,java.lang.String)[pri:1, instance:api.test.DDTests@1a451d4d]" started-at="2026-07-04T07:42:53 IST" name="testPostUser" data-provider="Data" finished-at="2026-07-04T07:42:54 IST" duration-ms="1139" status="PASS">
          <params>
            <param index="0">
              <value>
                <![CDATA[11456]]>
              </value>
            </param>
            <param index="1">
              <value>
                <![CDATA[testuser2]]>
              </value>
            </param>
            <param index="2">
              <value>
                <![CDATA[Kim]]>
              </value>
            </param>
            <param index="3">
              <value>
                <![CDATA[Kom]]>
              </value>
            </param>
            <param index="4">
              <value>
                <![CDATA[b@gmail.com]]>
              </value>
            </param>
            <param index="5">
              <value>
                <![CDATA[test@2465]]>
              </value>
            </param>
            <param index="6">
              <value>
                <![CDATA[234567891]]>
              </value>
            </param>
          </params>
          <reporter-output>
          </reporter-output>
        </test-method> <!-- testPostUser -->
        <test-method signature="testPostUser(java.lang.String,java.lang.String,java.lang.String,java.lang.String,java.lang.String,java.lang.String,java.lang.String)[pri:1, instance:api.test.DDTests@1a451d4d]" started-at="2026-07-04T07:42:54 IST" name="testPostUser" data-provider="Data" finished-at="2026-07-04T07:42:55 IST" duration-ms="1135" status="PASS">
          <params>
            <param index="0">
              <value>
                <![CDATA[11890]]>
              </value>
            </param>
            <param index="1">
              <value>
                <![CDATA[testuser3]]>
              </value>
            </param>
            <param index="2">
              <value>
                <![CDATA[Steve]]>
              </value>
            </param>
            <param index="3">
              <value>
                <![CDATA[Steve]]>
              </value>
            </param>
            <param index="4">
              <value>
                <![CDATA[c@gmail.com]]>
              </value>
            </param>
            <param index="5">
              <value>
                <![CDATA[test@3380]]>
              </value>
            </param>
            <param index="6">
              <value>
                <![CDATA[345678912]]>
              </value>
            </param>
          </params>
          <reporter-output>
          </reporter-output>
        </test-method> <!-- testPostUser -->
        <test-method signature="testdeleteUser(java.lang.String)[pri:2, instance:api.test.DDTests@1a451d4d]" started-at="2026-07-04T07:43:09 IST" name="testdeleteUser" data-provider="UserNames" finished-at="2026-07-04T07:43:11 IST" depends-on-methods="api.test.DDTests.testPostUser" duration-ms="1215" status="PASS">
          <params>
            <param index="0">
              <value>
                <![CDATA[testuser1]]>
              </value>
            </param>
          </params>
          <reporter-output>
          </reporter-output>
        </test-method> <!-- testdeleteUser -->
        <test-method signature="testdeleteUser(java.lang.String)[pri:2, instance:api.test.DDTests@1a451d4d]" started-at="2026-07-04T07:43:11 IST" name="testdeleteUser" data-provider="UserNames" finished-at="2026-07-04T07:43:12 IST" depends-on-methods="api.test.DDTests.testPostUser" duration-ms="1613" status="PASS">
          <params>
            <param index="0">
              <value>
                <![CDATA[testuser2]]>
              </value>
            </param>
          </params>
          <reporter-output>
          </reporter-output>
        </test-method> <!-- testdeleteUser -->
        <test-method signature="testdeleteUser(java.lang.String)[pri:2, instance:api.test.DDTests@1a451d4d]" started-at="2026-07-04T07:43:12 IST" name="testdeleteUser" data-provider="UserNames" finished-at="2026-07-04T07:43:15 IST" depends-on-methods="api.test.DDTests.testPostUser" duration-ms="2941" status="PASS">
          <params>
            <param index="0">
              <value>
                <![CDATA[testuser3]]>
              </value>
            </param>
          </params>
          <reporter-output>
          </reporter-output>
        </test-method> <!-- testdeleteUser -->
      </class> <!-- api.test.DDTests -->
    </test> <!-- Test -->
  </suite> <!-- Suite -->
</testng-results>
