<?xml version="1.0" encoding="UTF-8"?>
<testsuite xmlns:xsi="http://www.w3.org/2001/XMLSchema-instance" xsi:noNamespaceSchemaLocation="https://maven.apache.org/surefire/maven-surefire-plugin/xsd/surefire-test-report.xsd" version="3.0.2" name="TestSuite" time="42.094" tests="24" errors="0" skipped="0" failures="0">
  <properties>
[...]
</properties>
  <testcase name="testPostUser[11234, testuser1, John, Canedy, a@gmail.com, test@5678, 123456789](1)" classname="api.test.DDTests" time="4.773">
    <system-out><![CDATA[{"code":200,"type":"unknown","message":"11234"}
]]></system-out>
    <system-err><![CDATA[SLF4J: Failed to load class "org.slf4j.impl.StaticLoggerBinder".
SLF4J: Defaulting to no-operation (NOP) logger implementation
SLF4J: See http://www.slf4j.org/codes.html#StaticLoggerBinder for further details.
ERROR StatusLogger Log4j2 could not find a logging implementation. Please add log4j-core to the classpath. Using SimpleLogger to log to the console...
]]></system-err>
  </testcase>
  <testcase name="testPostUser[11456, testuser2, Kim, Kom, b@gmail.com, test@2465, 234567891](2)" classname="api.test.DDTests" time="1.138">
    <system-out><![CDATA[{"code":200,"type":"unknown","message":"11456"}
]]></system-out>
  </testcase>
  <testcase name="testPostUser[11890, testuser3, Steve, Steve, c@gmail.com, test@3380, 345678912](3)" classname="api.test.DDTests" time="1.133">
    <system-out><![CDATA[{"code":200,"type":"unknown","message":"11890"}
]]></system-out>
  </testcase>
  <testcase name="testdeleteUser[testuser1](1)" classname="api.test.DDTests" time="1.215"/>
  <testcase name="testdeleteUser[testuser2](2)" classname="api.test.DDTests" time="1.613"/>
  <testcase name="testdeleteUser[testuser3](3)" classname="api.test.DDTests" time="2.942"/>
  <testcase name="testpostorder[1234, 123456, 1, 2026-07-03T12:40:09.959Z, placed, true](1)" classname="api.test.DDStoreTests2" time="1.13"/>
  <testcase name="testpostorder[5678, 567891, 2, 2026-07-02T12:40:08.959Z, placed, true](2)" classname="api.test.DDStoreTests2" time="1.121"/>
  <testcase name="testgetorder[1234](1)" classname="api.test.DDStoreTests2" time="1.193"/>
  <testcase name="testgetorder[5678](2)" classname="api.test.DDStoreTests2" time="1.216"/>
  <testcase name="testdeleteeorder[1234](1)" classname="api.test.DDStoreTests2" time="1.187">
    <system-out><![CDATA[HTTP/1.1 200 OK
Date: Sat, 04 Jul 2026 02:13:21 GMT
Content-Type: application/json
Transfer-Encoding: chunked
Connection: keep-alive
Access-Control-Allow-Origin: *
Access-Control-Allow-Methods: GET, POST, DELETE, PUT
Access-Control-Allow-Headers: Content-Type, api_key, Authorization
Server: Jetty(9.2.9.v20150224)

{
    "id": 1234,
    "petId": 0,
    "quantity": 1,
    "status": "placed",
    "complete": true
}
]]></system-out>
  </testcase>
  <testcase name="testdeleteeorder[5678](2)" classname="api.test.DDStoreTests2" time="1.224">
    <system-out><![CDATA[HTTP/1.1 200 OK
Date: Sat, 04 Jul 2026 02:13:23 GMT
Content-Type: application/json
Transfer-Encoding: chunked
Connection: keep-alive
Access-Control-Allow-Origin: *
Access-Control-Allow-Methods: GET, POST, DELETE, PUT
Access-Control-Allow-Headers: Content-Type, api_key, Authorization
Server: Jetty(9.2.9.v20150224)

{
    "id": 5678,
    "petId": 0,
    "quantity": 2,
    "status": "placed",
    "complete": true
}
]]></system-out>
  </testcase>
  <testcase name="testpostorder" classname="api.test.StoreTests" time="1.115"/>
  <testcase name="testgetorder" classname="api.test.StoreTests" time="1.205"/>
  <testcase name="testdeleteeorder" classname="api.test.StoreTests" time="1.157">
    <system-out><![CDATA[HTTP/1.1 200 OK
Date: Sat, 04 Jul 2026 02:13:24 GMT
Content-Type: application/json
Transfer-Encoding: chunked
Connection: keep-alive
Access-Control-Allow-Origin: *
Access-Control-Allow-Methods: GET, POST, DELETE, PUT
Access-Control-Allow-Headers: Content-Type, api_key, Authorization
Server: Jetty(9.2.9.v20150224)

{
    "id": 651226342,
    "petId": 0,
    "quantity": 2,
    "complete": false
}
]]></system-out>
  </testcase>
  <testcase name="testpostuser" classname="api.test.UserTests" time="1.108"/>
  <testcase name="testReaduser" classname="api.test.UserTests" time="1.601">
    <system-out><![CDATA[{
    "id": 1736227182,
    "username": "delinda.cruickshank",
    "firstName": "Tyler",
    "lastName": "Kshlerin",
    "email": "meta.mohr@hotmail.com",
    "password": "nrqo7j1gi",
    "phone": "339.016.2339",
    "userStatus": 0
}
]]></system-out>
  </testcase>
  <testcase name="testUpdateuser" classname="api.test.UserTests" time="2.362">
    <system-out><![CDATA[{
    "id": 1736227182,
    "username": "delinda.cruickshank",
    "firstName": "Saul",
    "lastName": "Steuber",
    "email": "meta.mohr@hotmail.com",
    "password": "nrqo7j1gi",
    "phone": "339.016.2339",
    "userStatus": 0
}
]]></system-out>
  </testcase>
  <testcase name="testDeleteuser" classname="api.test.UserTests" time="1.197">
    <system-out><![CDATA[{
    "code": 200,
    "type": "unknown",
    "message": "delinda.cruickshank"
}
]]></system-out>
  </testcase>
  <testcase name="testReaduserschema" classname="api.test.SchemaValidation" time="1.468">
    <system-out><![CDATA[HTTP/1.1 200 OK
Date: Sat, 04 Jul 2026 02:13:00 GMT
Content-Type: application/json
Transfer-Encoding: chunked
Connection: keep-alive
Access-Control-Allow-Origin: *
Access-Control-Allow-Methods: GET, POST, DELETE, PUT
Access-Control-Allow-Headers: Content-Type, api_key, Authorization
Server: Jetty(9.2.9.v20150224)

{
    "id": 1736227182,
    "username": "delinda.cruickshank",
    "firstName": "Tyler",
    "lastName": "Kshlerin",
    "email": "meta.mohr@hotmail.com",
    "password": "nrqo7j1gi",
    "phone": "339.016.2339",
    "userStatus": 0
}
]]></system-out>
  </testcase>
  <testcase name="testpostuser" classname="api.test.UserTests2" time="1.194"/>
  <testcase name="testReaduser" classname="api.test.UserTests2" time="1.197">
    <system-out><![CDATA[{
    "id": 947844775,
    "username": "dwain.heidenreich",
    "firstName": "Rodolfo",
    "lastName": "Heaney",
    "email": "almeda.ward@hotmail.com",
    "password": "jpygyfk39zoli6",
    "phone": "337-643-1989",
    "userStatus": 0
}
]]></system-out>
  </testcase>
  <testcase name="testUpdateuser" classname="api.test.UserTests2" time="2.383">
    <system-out><![CDATA[{
    "id": 947844775,
    "username": "tiffiny.little",
    "firstName": "Monty",
    "lastName": "Reilly",
    "email": "almeda.ward@hotmail.com",
    "password": "jpygyfk39zoli6",
    "phone": "337-643-1989",
    "userStatus": 0
}
]]></system-out>
  </testcase>
  <testcase name="testDeleteuser" classname="api.test.UserTests2" time="1.101">
    <system-out><![CDATA[{
    "code": 200,
    "type": "unknown",
    "message": "tiffiny.little"
}
]]></system-out>
  </testcase>
</testsuite>