<?xml version="1.0" encoding="UTF-8"?>
<testng-results ignored="0" total="56" passed="56" failed="0" skipped="0">
  <reporter-output>
  </reporter-output>
  <suite started-at="2026-07-10T23:48:28 IST" name="Suite" finished-at="2026-07-10T23:49:45 IST" duration-ms="77334">
    <groups>
      <group name="add">
        <method signature="Addanewpet.addpet(org.testng.ITestContext)[pri:0, instance:api.chaining.test.Addanewpet@74e52303]" name="addpet" class="api.chaining.test.Addanewpet"/>
      </group> <!-- add -->
      <group name="schema">
        <method signature="SchemaValidation.testReaduserschema()[pri:0, instance:api.test.SchemaValidation@694abbdc]" name="testReaduserschema" class="api.test.SchemaValidation"/>
      </group> <!-- schema -->
      <group name="post">
        <method signature="UserTests.testpostuser()[pri:1, instance:api.test.UserTests@323b36e0]" name="testpostuser" class="api.test.UserTests"/>
      </group> <!-- post -->
      <group name="get">
        <method signature="Retrievepetdetails.getpet(org.testng.ITestContext)[pri:0, instance:api.chaining.test.Retrievepetdetails@2e005c4b]" name="getpet" class="api.chaining.test.Retrievepetdetails"/>
      </group> <!-- get -->
      <group name="update">
        <method signature="Updatepetdetails.addpet(org.testng.ITestContext)[pri:0, instance:api.chaining.test.Updatepetdetails@44ebcd03]" name="addpet" class="api.chaining.test.Updatepetdetails"/>
      </group> <!-- update -->
      <group name="delete">
        <method signature="Deletepetdetails.deletepet(org.testng.ITestContext)[pri:0, instance:api.chaining.test.Deletepetdetails@7c729a55]" name="deletepet" class="api.chaining.test.Deletepetdetails"/>
      </group> <!-- delete -->
    </groups>
    <test started-at="2026-07-10T23:48:28 IST" name="Test" finished-at="2026-07-10T23:49:45 IST" duration-ms="77334">
      <class name="api.test.SchemaValidation">
        <test-method signature="testReaduserschema()[pri:0, instance:api.test.SchemaValidation@694abbdc]" started-at="2026-07-10T23:49:02 IST" name="testReaduserschema" depends-on-groups="post" finished-at="2026-07-10T23:49:03 IST" duration-ms="1640" status="PASS">
          <reporter-output>
          </reporter-output>
        </test-method> <!-- testReaduserschema -->
      </class> <!-- api.test.SchemaValidation -->
      <class name="api.chaining.test.Retrievepetdetails">
        <test-method signature="getpet(org.testng.ITestContext)[pri:0, instance:api.chaining.test.Retrievepetdetails@2e005c4b]" started-at="2026-07-10T23:48:36 IST" name="getpet" depends-on-groups="add" finished-at="2026-07-10T23:48:38 IST" duration-ms="1173" status="PASS">
          <params>
            <param index="0">
              <value>
                <![CDATA[org.testng.TestRunner@2b9ed6da]]>
              </value>
            </param>
          </params>
          <reporter-output>
          </reporter-output>
        </test-method> <!-- getpet -->
      </class> <!-- api.chaining.test.Retrievepetdetails -->
      <class name="api.test.DDPetTests">
        <test-method signature="TestPostPet(java.lang.String,java.lang.String,java.lang.String,java.lang.String,java.lang.String,java.lang.String,java.lang.String,java.lang.String)[pri:1, instance:api.test.DDPetTests@7c6908d7]" started-at="2026-07-10T23:48:47 IST" name="TestPostPet" data-provider="Data2" finished-at="2026-07-10T23:48:49 IST" duration-ms="1121" status="PASS">
          <params>
            <param index="0">
              <value>
                <![CDATA[101]]>
              </value>
            </param>
            <param index="1">
              <value>
                <![CDATA[10]]>
              </value>
            </param>
            <param index="2">
              <value>
                <![CDATA[Dog]]>
              </value>
            </param>
            <param index="3">
              <value>
                <![CDATA[Tommy]]>
              </value>
            </param>
            <param index="4">
              <value>
                <![CDATA[https://abc.com/1.jpg]]>
              </value>
            </param>
            <param index="5">
              <value>
                <![CDATA[1]]>
              </value>
            </param>
            <param index="6">
              <value>
                <![CDATA[Cute]]>
              </value>
            </param>
            <param index="7">
              <value>
                <![CDATA[available]]>
              </value>
            </param>
          </params>
          <reporter-output>
          </reporter-output>
        </test-method> <!-- TestPostPet -->
        <test-method signature="TestPostPet(java.lang.String,java.lang.String,java.lang.String,java.lang.String,java.lang.String,java.lang.String,java.lang.String,java.lang.String)[pri:1, instance:api.test.DDPetTests@7c6908d7]" started-at="2026-07-10T23:48:49 IST" name="TestPostPet" data-provider="Data2" finished-at="2026-07-10T23:48:50 IST" duration-ms="1129" status="PASS">
          <params>
            <param index="0">
              <value>
                <![CDATA[102]]>
              </value>
            </param>
            <param index="1">
              <value>
                <![CDATA[20]]>
              </value>
            </param>
            <param index="2">
              <value>
                <![CDATA[Cat]]>
              </value>
            </param>
            <param index="3">
              <value>
                <![CDATA[Kitty]]>
              </value>
            </param>
            <param index="4">
              <value>
                <![CDATA[https://abc.com/2.jpg]]>
              </value>
            </param>
            <param index="5">
              <value>
                <![CDATA[2]]>
              </value>
            </param>
            <param index="6">
              <value>
                <![CDATA[White]]>
              </value>
            </param>
            <param index="7">
              <value>
                <![CDATA[pending]]>
              </value>
            </param>
          </params>
          <reporter-output>
          </reporter-output>
        </test-method> <!-- TestPostPet -->
        <test-method signature="TestPostPet(java.lang.String,java.lang.String,java.lang.String,java.lang.String,java.lang.String,java.lang.String,java.lang.String,java.lang.String)[pri:1, instance:api.test.DDPetTests@7c6908d7]" started-at="2026-07-10T23:48:50 IST" name="TestPostPet" data-provider="Data2" finished-at="2026-07-10T23:48:51 IST" duration-ms="1124" status="PASS">
          <params>
            <param index="0">
              <value>
                <![CDATA[103]]>
              </value>
            </param>
            <param index="1">
              <value>
                <![CDATA[30]]>
              </value>
            </param>
            <param index="2">
              <value>
                <![CDATA[Rabbit]]>
              </value>
            </param>
            <param index="3">
              <value>
                <![CDATA[Bunny]]>
              </value>
            </param>
            <param index="4">
              <value>
                <![CDATA[https://abc.com/3.jpg]]>
              </value>
            </param>
            <param index="5">
              <value>
                <![CDATA[3]]>
              </value>
            </param>
            <param index="6">
              <value>
                <![CDATA[Small]]>
              </value>
            </param>
            <param index="7">
              <value>
                <![CDATA[sold]]>
              </value>
            </param>
          </params>
          <reporter-output>
          </reporter-output>
        </test-method> <!-- TestPostPet -->
        <test-method signature="TestGetPet(java.lang.String)[pri:2, instance:api.test.DDPetTests@7c6908d7]" started-at="2026-07-10T23:49:12 IST" name="TestGetPet" data-provider="petid" finished-at="2026-07-10T23:49:13 IST" duration-ms="1115" status="PASS">
          <params>
            <param index="0">
              <value>
                <![CDATA[101]]>
              </value>
            </param>
          </params>
          <reporter-output>
          </reporter-output>
        </test-method> <!-- TestGetPet -->
        <test-method signature="TestGetPet(java.lang.String)[pri:2, instance:api.test.DDPetTests@7c6908d7]" started-at="2026-07-10T23:49:13 IST" name="TestGetPet" data-provider="petid" finished-at="2026-07-10T23:49:14 IST" duration-ms="1125" status="PASS">
          <params>
            <param index="0">
              <value>
                <![CDATA[102]]>
              </value>
            </param>
          </params>
          <reporter-output>
          </reporter-output>
        </test-method> <!-- TestGetPet -->
        <test-method signature="TestGetPet(java.lang.String)[pri:2, instance:api.test.DDPetTests@7c6908d7]" started-at="2026-07-10T23:49:14 IST" name="TestGetPet" data-provider="petid" finished-at="2026-07-10T23:49:15 IST" duration-ms="1151" status="PASS">
          <params>
            <param index="0">
              <value>
                <![CDATA[103]]>
              </value>
            </param>
          </params>
          <reporter-output>
          </reporter-output>
        </test-method> <!-- TestGetPet -->
        <test-method signature="TestUpdatePet(java.lang.String,java.lang.String,java.lang.String,java.lang.String,java.lang.String,java.lang.String,java.lang.String,java.lang.String)[pri:3, instance:api.test.DDPetTests@7c6908d7]" started-at="2026-07-10T23:49:28 IST" name="TestUpdatePet" data-provider="Data2" finished-at="2026-07-10T23:49:29 IST" duration-ms="1119" status="PASS">
          <params>
            <param index="0">
              <value>
                <![CDATA[101]]>
              </value>
            </param>
            <param index="1">
              <value>
                <![CDATA[10]]>
              </value>
            </param>
            <param index="2">
              <value>
                <![CDATA[Dog]]>
              </value>
            </param>
            <param index="3">
              <value>
                <![CDATA[Tommy]]>
              </value>
            </param>
            <param index="4">
              <value>
                <![CDATA[https://abc.com/1.jpg]]>
              </value>
            </param>
            <param index="5">
              <value>
                <![CDATA[1]]>
              </value>
            </param>
            <param index="6">
              <value>
                <![CDATA[Cute]]>
              </value>
            </param>
            <param index="7">
              <value>
                <![CDATA[available]]>
              </value>
            </param>
          </params>
          <reporter-output>
          </reporter-output>
        </test-method> <!-- TestUpdatePet -->
        <test-method signature="TestUpdatePet(java.lang.String,java.lang.String,java.lang.String,java.lang.String,java.lang.String,java.lang.String,java.lang.String,java.lang.String)[pri:3, instance:api.test.DDPetTests@7c6908d7]" started-at="2026-07-10T23:49:29 IST" name="TestUpdatePet" data-provider="Data2" finished-at="2026-07-10T23:49:30 IST" duration-ms="1108" status="PASS">
          <params>
            <param index="0">
              <value>
                <![CDATA[102]]>
              </value>
            </param>
            <param index="1">
              <value>
                <![CDATA[20]]>
              </value>
            </param>
            <param index="2">
              <value>
                <![CDATA[Cat]]>
              </value>
            </param>
            <param index="3">
              <value>
                <![CDATA[Kitty]]>
              </value>
            </param>
            <param index="4">
              <value>
                <![CDATA[https://abc.com/2.jpg]]>
              </value>
            </param>
            <param index="5">
              <value>
                <![CDATA[2]]>
              </value>
            </param>
            <param index="6">
              <value>
                <![CDATA[White]]>
              </value>
            </param>
            <param index="7">
              <value>
                <![CDATA[pending]]>
              </value>
            </param>
          </params>
          <reporter-output>
          </reporter-output>
        </test-method> <!-- TestUpdatePet -->
        <test-method signature="TestUpdatePet(java.lang.String,java.lang.String,java.lang.String,java.lang.String,java.lang.String,java.lang.String,java.lang.String,java.lang.String)[pri:3, instance:api.test.DDPetTests@7c6908d7]" started-at="2026-07-10T23:49:30 IST" name="TestUpdatePet" data-provider="Data2" finished-at="2026-07-10T23:49:31 IST" duration-ms="1099" status="PASS">
          <params>
            <param index="0">
              <value>
                <![CDATA[103]]>
              </value>
            </param>
            <param index="1">
              <value>
                <![CDATA[30]]>
              </value>
            </param>
            <param index="2">
              <value>
                <![CDATA[Rabbit]]>
              </value>
            </param>
            <param index="3">
              <value>
                <![CDATA[Bunny]]>
              </value>
            </param>
            <param index="4">
              <value>
                <![CDATA[https://abc.com/3.jpg]]>
              </value>
            </param>
            <param index="5">
              <value>
                <![CDATA[3]]>
              </value>
            </param>
            <param index="6">
              <value>
                <![CDATA[Small]]>
              </value>
            </param>
            <param index="7">
              <value>
                <![CDATA[sold]]>
              </value>
            </param>
          </params>
          <reporter-output>
          </reporter-output>
        </test-method> <!-- TestUpdatePet -->
        <test-method signature="TestDeletePet(java.lang.String)[pri:4, instance:api.test.DDPetTests@7c6908d7]" started-at="2026-07-10T23:49:41 IST" name="TestDeletePet" data-provider="petid" finished-at="2026-07-10T23:49:42 IST" duration-ms="1067" status="PASS">
          <params>
            <param index="0">
              <value>
                <![CDATA[101]]>
              </value>
            </param>
          </params>
          <reporter-output>
          </reporter-output>
        </test-method> <!-- TestDeletePet -->
        <test-method signature="TestDeletePet(java.lang.String)[pri:4, instance:api.test.DDPetTests@7c6908d7]" started-at="2026-07-10T23:49:42 IST" name="TestDeletePet" data-provider="petid" finished-at="2026-07-10T23:49:43 IST" duration-ms="1089" status="PASS">
          <params>
            <param index="0">
              <value>
                <![CDATA[102]]>
              </value>
            </param>
          </params>
          <reporter-output>
          </reporter-output>
        </test-method> <!-- TestDeletePet -->
        <test-method signature="TestDeletePet(java.lang.String)[pri:4, instance:api.test.DDPetTests@7c6908d7]" started-at="2026-07-10T23:49:43 IST" name="TestDeletePet" data-provider="petid" finished-at="2026-07-10T23:49:44 IST" duration-ms="1082" status="PASS">
          <params>
            <param index="0">
              <value>
                <![CDATA[103]]>
              </value>
            </param>
          </params>
          <reporter-output>
          </reporter-output>
        </test-method> <!-- TestDeletePet -->
      </class> <!-- api.test.DDPetTests -->
      <class name="api.chaining.test.Deletepetdetails">
        <test-method signature="deletepet(org.testng.ITestContext)[pri:0, instance:api.chaining.test.Deletepetdetails@7c729a55]" started-at="2026-07-10T23:48:39 IST" name="deletepet" depends-on-groups="update" finished-at="2026-07-10T23:48:40 IST" duration-ms="1138" status="PASS">
          <params>
            <param index="0">
              <value>
                <![CDATA[org.testng.TestRunner@2b9ed6da]]>
              </value>
            </param>
          </params>
          <reporter-output>
          </reporter-output>
        </test-method> <!-- deletepet -->
        <test-method signature="verifypetdeleted()[pri:0, instance:api.chaining.test.Deletepetdetails@7c729a55]" started-at="2026-07-10T23:48:40 IST" name="verifypetdeleted" depends-on-groups="delete" finished-at="2026-07-10T23:48:41 IST" duration-ms="1142" status="PASS">
          <reporter-output>
          </reporter-output>
        </test-method> <!-- verifypetdeleted -->
      </class> <!-- api.chaining.test.Deletepetdetails -->
      <class name="api.test.PetSchemaValidation">
        <test-method is-config="true" signature="petdatasetup()[pri:0, instance:api.test.PetSchemaValidation@3bb9a3ff]" started-at="2026-07-10T23:48:44 IST" name="petdatasetup" finished-at="2026-07-10T23:48:44 IST" duration-ms="53" status="PASS">
          <reporter-output>
          </reporter-output>
        </test-method> <!-- petdatasetup -->
        <test-method signature="TestPostPet()[pri:1, instance:api.test.PetSchemaValidation@3bb9a3ff]" started-at="2026-07-10T23:48:44 IST" name="TestPostPet" finished-at="2026-07-10T23:48:45 IST" duration-ms="1161" status="PASS">
          <reporter-output>
          </reporter-output>
        </test-method> <!-- TestPostPet -->
        <test-method signature="TestGetPet()[pri:2, instance:api.test.PetSchemaValidation@3bb9a3ff]" started-at="2026-07-10T23:49:10 IST" name="TestGetPet" finished-at="2026-07-10T23:49:12 IST" duration-ms="1169" status="PASS">
          <reporter-output>
          </reporter-output>
        </test-method> <!-- TestGetPet -->
        <test-method signature="TestUpdatePet()[pri:3, instance:api.test.PetSchemaValidation@3bb9a3ff]" started-at="2026-07-10T23:49:26 IST" name="TestUpdatePet" finished-at="2026-07-10T23:49:27 IST" duration-ms="1099" status="PASS">
          <reporter-output>
          </reporter-output>
        </test-method> <!-- TestUpdatePet -->
        <test-method signature="TestDeletePet()[pri:4, instance:api.test.PetSchemaValidation@3bb9a3ff]" started-at="2026-07-10T23:49:40 IST" name="TestDeletePet" finished-at="2026-07-10T23:49:41 IST" duration-ms="1095" status="PASS">
          <reporter-output>
          </reporter-output>
        </test-method> <!-- TestDeletePet -->
      </class> <!-- api.test.PetSchemaValidation -->
      <class name="api.test.PetTests">
        <test-method is-config="true" signature="petdatasetup()[pri:0, instance:api.test.PetTests@3ce1e309]" started-at="2026-07-10T23:48:41 IST" name="petdatasetup" finished-at="2026-07-10T23:48:41 IST" duration-ms="56" status="PASS">
          <reporter-output>
          </reporter-output>
        </test-method> <!-- petdatasetup -->
        <test-method signature="TestPostPet()[pri:1, instance:api.test.PetTests@3ce1e309]" started-at="2026-07-10T23:48:41 IST" name="TestPostPet" finished-at="2026-07-10T23:48:42 IST" duration-ms="1159" status="PASS">
          <reporter-output>
          </reporter-output>
        </test-method> <!-- TestPostPet -->
        <test-method signature="TestGetPet()[pri:2, instance:api.test.PetTests@3ce1e309]" started-at="2026-07-10T23:49:08 IST" name="TestGetPet" finished-at="2026-07-10T23:49:09 IST" duration-ms="1332" status="PASS">
          <reporter-output>
          </reporter-output>
        </test-method> <!-- TestGetPet -->
        <test-method signature="TestUpdatePet()[pri:3, instance:api.test.PetTests@3ce1e309]" started-at="2026-07-10T23:49:24 IST" name="TestUpdatePet" finished-at="2026-07-10T23:49:25 IST" duration-ms="1104" status="PASS">
          <reporter-output>
          </reporter-output>
        </test-method> <!-- TestUpdatePet -->
        <test-method signature="TestDeletePet()[pri:4, instance:api.test.PetTests@3ce1e309]" started-at="2026-07-10T23:49:38 IST" name="TestDeletePet" finished-at="2026-07-10T23:49:39 IST" duration-ms="1097" status="PASS">
          <reporter-output>
          </reporter-output>
        </test-method> <!-- TestDeletePet -->
      </class> <!-- api.test.PetTests -->
      <class name="api.test.StoreTests">
        <test-method is-config="true" signature="storedatasetup()[pri:0, instance:api.test.StoreTests@3bf7ca37]" started-at="2026-07-10T23:48:58 IST" name="storedatasetup" finished-at="2026-07-10T23:48:58 IST" duration-ms="1" status="PASS">
          <reporter-output>
          </reporter-output>
        </test-method> <!-- storedatasetup -->
        <test-method signature="testpostorder()[pri:1, instance:api.test.StoreTests@3bf7ca37]" started-at="2026-07-10T23:48:58 IST" name="testpostorder" finished-at="2026-07-10T23:48:59 IST" duration-ms="1123" status="PASS">
          <reporter-output>
          </reporter-output>
        </test-method> <!-- testpostorder -->
        <test-method signature="testgetorder()[pri:2, instance:api.test.StoreTests@3bf7ca37]" started-at="2026-07-10T23:49:23 IST" name="testgetorder" finished-at="2026-07-10T23:49:24 IST" duration-ms="1102" status="PASS">
          <reporter-output>
          </reporter-output>
        </test-method> <!-- testgetorder -->
        <test-method signature="testdeleteeorder()[pri:3, instance:api.test.StoreTests@3bf7ca37]" started-at="2026-07-10T23:49:37 IST" name="testdeleteeorder" finished-at="2026-07-10T23:49:38 IST" duration-ms="1092" status="PASS">
          <reporter-output>
          </reporter-output>
        </test-method> <!-- testdeleteeorder -->
      </class> <!-- api.test.StoreTests -->
      <class name="api.test.DDTests">
        <test-method signature="testPostUser(java.lang.String,java.lang.String,java.lang.String,java.lang.String,java.lang.String,java.lang.String,java.lang.String)[pri:1, instance:api.test.DDTests@3c9754d8]" started-at="2026-07-10T23:48:51 IST" name="testPostUser" data-provider="Data" finished-at="2026-07-10T23:48:52 IST" duration-ms="1112" status="PASS">
          <params>
            <param index="0">
              <value>
                <![CDATA[11234]]>
              </value>
            </param>
            <param index="1">
              <value>
                <![CDATA[testuser1]]>
              </value>
            </param>
            <param index="2">
              <value>
                <![CDATA[John]]>
              </value>
            </param>
            <param index="3">
              <value>
                <![CDATA[Canedy]]>
              </value>
            </param>
            <param index="4">
              <value>
                <![CDATA[a@gmail.com]]>
              </value>
            </param>
            <param index="5">
              <value>
                <![CDATA[test@5678]]>
              </value>
            </param>
            <param index="6">
              <value>
                <![CDATA[123456789]]>
              </value>
            </param>
          </params>
          <reporter-output>
          </reporter-output>
        </test-method> <!-- testPostUser -->
        <test-method signature="testPostUser(java.lang.String,java.lang.String,java.lang.String,java.lang.String,java.lang.String,java.lang.String,java.lang.String)[pri:1, instance:api.test.DDTests@3c9754d8]" started-at="2026-07-10T23:48:52 IST" name="testPostUser" data-provider="Data" finished-at="2026-07-10T23:48:54 IST" duration-ms="1116" status="PASS">
          <params>
            <param index="0">
              <value>
                <![CDATA[11456]]>
              </value>
            </param>
            <param index="1">
              <value>
                <![CDATA[testuser2]]>
              </value>
            </param>
            <param index="2">
              <value>
                <![CDATA[Kim]]>
              </value>
            </param>
            <param index="3">
              <value>
                <![CDATA[Kom]]>
              </value>
            </param>
            <param index="4">
              <value>
                <![CDATA[b@gmail.com]]>
              </value>
            </param>
            <param index="5">
              <value>
                <![CDATA[test@2465]]>
              </value>
            </param>
            <param index="6">
              <value>
                <![CDATA[234567891]]>
              </value>
            </param>
          </params>
          <reporter-output>
          </reporter-output>
        </test-method> <!-- testPostUser -->
        <test-method signature="testPostUser(java.lang.String,java.lang.String,java.lang.String,java.lang.String,java.lang.String,java.lang.String,java.lang.String)[pri:1, instance:api.test.DDTests@3c9754d8]" started-at="2026-07-10T23:48:54 IST" name="testPostUser" data-provider="Data" finished-at="2026-07-10T23:48:55 IST" duration-ms="1107" status="PASS">
          <params>
            <param index="0">
              <value>
                <![CDATA[11890]]>
              </value>
            </param>
            <param index="1">
              <value>
                <![CDATA[testuser3]]>
              </value>
            </param>
            <param index="2">
              <value>
                <![CDATA[Steve]]>
              </value>
            </param>
            <param index="3">
              <value>
                <![CDATA[Steve]]>
              </value>
            </param>
            <param index="4">
              <value>
                <![CDATA[c@gmail.com]]>
              </value>
            </param>
            <param index="5">
              <value>
                <![CDATA[test@3380]]>
              </value>
            </param>
            <param index="6">
              <value>
                <![CDATA[345678912]]>
              </value>
            </param>
          </params>
          <reporter-output>
          </reporter-output>
        </test-method> <!-- testPostUser -->
        <test-method signature="testdeleteUser(java.lang.String)[pri:2, instance:api.test.DDTests@3c9754d8]" started-at="2026-07-10T23:49:16 IST" name="testdeleteUser" data-provider="UserNames" finished-at="2026-07-10T23:49:17 IST" depends-on-methods="api.test.DDTests.testPostUser" duration-ms="1110" status="PASS">
          <params>
            <param index="0">
              <value>
                <![CDATA[testuser1]]>
              </value>
            </param>
          </params>
          <reporter-output>
          </reporter-output>
        </test-method> <!-- testdeleteUser -->
        <test-method signature="testdeleteUser(java.lang.String)[pri:2, instance:api.test.DDTests@3c9754d8]" started-at="2026-07-10T23:49:17 IST" name="testdeleteUser" data-provider="UserNames" finished-at="2026-07-10T23:49:18 IST" depends-on-methods="api.test.DDTests.testPostUser" duration-ms="1112" status="PASS">
          <params>
            <param index="0">
              <value>
                <![CDATA[testuser2]]>
              </value>
            </param>
          </params>
          <reporter-output>
          </reporter-output>
        </test-method> <!-- testdeleteUser -->
        <test-method signature="testdeleteUser(java.lang.String)[pri:2, instance:api.test.DDTests@3c9754d8]" started-at="2026-07-10T23:49:18 IST" name="testdeleteUser" data-provider="UserNames" finished-at="2026-07-10T23:49:20 IST" depends-on-methods="api.test.DDTests.testPostUser" duration-ms="1106" status="PASS">
          <params>
            <param index="0">
              <value>
                <![CDATA[testuser3]]>
              </value>
            </param>
          </params>
          <reporter-output>
          </reporter-output>
        </test-method> <!-- testdeleteUser -->
      </class> <!-- api.test.DDTests -->
      <class name="api.test.StoreTests2">
        <test-method is-config="true" signature="storedatasetup()[pri:0, instance:api.test.StoreTests2@7fa98a66]" started-at="2026-07-10T23:48:55 IST" name="storedatasetup" finished-at="2026-07-10T23:48:55 IST" duration-ms="20" status="PASS">
          <reporter-output>
          </reporter-output>
        </test-method> <!-- storedatasetup -->
        <test-method signature="testpostorder()[pri:1, instance:api.test.StoreTests2@7fa98a66]" started-at="2026-07-10T23:48:55 IST" name="testpostorder" finished-at="2026-07-10T23:48:56 IST" duration-ms="1126" status="PASS">
          <reporter-output>
          </reporter-output>
        </test-method> <!-- testpostorder -->
        <test-method signature="testgetorder()[pri:2, instance:api.test.StoreTests2@7fa98a66]" started-at="2026-07-10T23:49:20 IST" name="testgetorder" finished-at="2026-07-10T23:49:21 IST" duration-ms="1126" status="PASS">
          <reporter-output>
          </reporter-output>
        </test-method> <!-- testgetorder -->
        <test-method signature="testdeleteeorder()[pri:3, instance:api.test.StoreTests2@7fa98a66]" started-at="2026-07-10T23:49:33 IST" name="testdeleteeorder" finished-at="2026-07-10T23:49:34 IST" duration-ms="1114" status="PASS">
          <reporter-output>
          </reporter-output>
        </test-method> <!-- testdeleteeorder -->
      </class> <!-- api.test.StoreTests2 -->
      <class name="api.test.UserTests">
        <test-method is-config="true" signature="setupdata()[pri:0, instance:api.test.UserTests@323b36e0]" started-at="2026-07-10T23:49:01 IST" name="setupdata" finished-at="2026-07-10T23:49:01 IST" duration-ms="28" status="PASS">
          <reporter-output>
          </reporter-output>
        </test-method> <!-- setupdata -->
        <test-method signature="testpostuser()[pri:1, instance:api.test.UserTests@323b36e0]" started-at="2026-07-10T23:49:01 IST" name="testpostuser" finished-at="2026-07-10T23:49:02 IST" duration-ms="1120" status="PASS">
          <reporter-output>
          </reporter-output>
        </test-method> <!-- testpostuser -->
        <test-method signature="testReaduser()[pri:0, instance:api.test.UserTests@323b36e0]" started-at="2026-07-10T23:49:03 IST" name="testReaduser" depends-on-groups="schema" finished-at="2026-07-10T23:49:05 IST" duration-ms="1125" status="PASS">
          <reporter-output>
          </reporter-output>
        </test-method> <!-- testReaduser -->
        <test-method signature="testUpdateuser()[pri:0, instance:api.test.UserTests@323b36e0]" started-at="2026-07-10T23:49:05 IST" name="testUpdateuser" finished-at="2026-07-10T23:49:07 IST" depends-on-methods="api.test.UserTests.testReaduser" duration-ms="2295" status="PASS">
          <reporter-output>
          </reporter-output>
        </test-method> <!-- testUpdateuser -->
        <test-method signature="testDeleteuser()[pri:0, instance:api.test.UserTests@323b36e0]" started-at="2026-07-10T23:49:07 IST" name="testDeleteuser" finished-at="2026-07-10T23:49:08 IST" depends-on-methods="api.test.UserTests.testUpdateuser" duration-ms="1132" status="PASS">
          <reporter-output>
          </reporter-output>
        </test-method> <!-- testDeleteuser -->
      </class> <!-- api.test.UserTests -->
      <class name="api.test.UserTests2">
        <test-method is-config="true" signature="setupdata()[pri:0, instance:api.test.UserTests2@158da8e]" started-at="2026-07-10T23:48:59 IST" name="setupdata" finished-at="2026-07-10T23:48:59 IST" duration-ms="45" status="PASS">
          <reporter-output>
          </reporter-output>
        </test-method> <!-- setupdata -->
        <test-method signature="testpostuser()[pri:1, instance:api.test.UserTests2@158da8e]" started-at="2026-07-10T23:48:59 IST" name="testpostuser" finished-at="2026-07-10T23:49:01 IST" duration-ms="1129" status="PASS">
          <reporter-output>
          </reporter-output>
        </test-method> <!-- testpostuser -->
        <test-method signature="testReaduser()[pri:2, instance:api.test.UserTests2@158da8e]" started-at="2026-07-10T23:49:15 IST" name="testReaduser" finished-at="2026-07-10T23:49:16 IST" duration-ms="1126" status="PASS">
          <reporter-output>
          </reporter-output>
        </test-method> <!-- testReaduser -->
        <test-method signature="testUpdateuser()[pri:3, instance:api.test.UserTests2@158da8e]" started-at="2026-07-10T23:49:31 IST" name="testUpdateuser" finished-at="2026-07-10T23:49:33 IST" duration-ms="2220" status="PASS">
          <reporter-output>
          </reporter-output>
        </test-method> <!-- testUpdateuser -->
        <test-method signature="testDeleteuser()[pri:4, instance:api.test.UserTests2@158da8e]" started-at="2026-07-10T23:49:44 IST" name="testDeleteuser" finished-at="2026-07-10T23:49:45 IST" duration-ms="1087" status="PASS">
          <reporter-output>
          </reporter-output>
        </test-method> <!-- testDeleteuser -->
      </class> <!-- api.test.UserTests2 -->
      <class name="api.test.DDStoreTests2">
        <test-method signature="testpostorder(java.lang.String,java.lang.String,java.lang.String,java.lang.String,java.lang.String,java.lang.String)[pri:1, instance:api.test.DDStoreTests2@47af7f3d]" started-at="2026-07-10T23:48:56 IST" name="testpostorder" data-provider="Data1" finished-at="2026-07-10T23:48:57 IST" duration-ms="1158" status="PASS">
          <params>
            <param index="0">
              <value>
                <![CDATA[1234]]>
              </value>
            </param>
            <param index="1">
              <value>
                <![CDATA[123456]]>
              </value>
            </param>
            <param index="2">
              <value>
                <![CDATA[1]]>
              </value>
            </param>
            <param index="3">
              <value>
                <![CDATA[2026-07-03T12:40:09.959Z]]>
              </value>
            </param>
            <param index="4">
              <value>
                <![CDATA[placed]]>
              </value>
            </param>
            <param index="5">
              <value>
                <![CDATA[true]]>
              </value>
            </param>
          </params>
          <reporter-output>
          </reporter-output>
        </test-method> <!-- testpostorder -->
        <test-method signature="testpostorder(java.lang.String,java.lang.String,java.lang.String,java.lang.String,java.lang.String,java.lang.String)[pri:1, instance:api.test.DDStoreTests2@47af7f3d]" started-at="2026-07-10T23:48:57 IST" name="testpostorder" data-provider="Data1" finished-at="2026-07-10T23:48:58 IST" duration-ms="1132" status="PASS">
          <params>
            <param index="0">
              <value>
                <![CDATA[5678]]>
              </value>
            </param>
            <param index="1">
              <value>
                <![CDATA[567891]]>
              </value>
            </param>
            <param index="2">
              <value>
                <![CDATA[2]]>
              </value>
            </param>
            <param index="3">
              <value>
                <![CDATA[2026-07-02T12:40:08.959Z]]>
              </value>
            </param>
            <param index="4">
              <value>
                <![CDATA[placed]]>
              </value>
            </param>
            <param index="5">
              <value>
                <![CDATA[true]]>
              </value>
            </param>
          </params>
          <reporter-output>
          </reporter-output>
        </test-method> <!-- testpostorder -->
        <test-method signature="testgetorder(java.lang.String)[pri:2, instance:api.test.DDStoreTests2@47af7f3d]" started-at="2026-07-10T23:49:21 IST" name="testgetorder" data-provider="id1" finished-at="2026-07-10T23:49:22 IST" duration-ms="1129" status="PASS">
          <params>
            <param index="0">
              <value>
                <![CDATA[1234]]>
              </value>
            </param>
          </params>
          <reporter-output>
          </reporter-output>
        </test-method> <!-- testgetorder -->
        <test-method signature="testgetorder(java.lang.String)[pri:2, instance:api.test.DDStoreTests2@47af7f3d]" started-at="2026-07-10T23:49:22 IST" name="testgetorder" data-provider="id1" finished-at="2026-07-10T23:49:23 IST" duration-ms="1133" status="PASS">
          <params>
            <param index="0">
              <value>
                <![CDATA[5678]]>
              </value>
            </param>
          </params>
          <reporter-output>
          </reporter-output>
        </test-method> <!-- testgetorder -->
        <test-method signature="testdeleteeorder(java.lang.String)[pri:3, instance:api.test.DDStoreTests2@47af7f3d]" started-at="2026-07-10T23:49:34 IST" name="testdeleteeorder" data-provider="id1" finished-at="2026-07-10T23:49:36 IST" duration-ms="1112" status="PASS">
          <params>
            <param index="0">
              <value>
                <![CDATA[1234]]>
              </value>
            </param>
          </params>
          <reporter-output>
          </reporter-output>
        </test-method> <!-- testdeleteeorder -->
        <test-method signature="testdeleteeorder(java.lang.String)[pri:3, instance:api.test.DDStoreTests2@47af7f3d]" started-at="2026-07-10T23:49:36 IST" name="testdeleteeorder" data-provider="id1" finished-at="2026-07-10T23:49:37 IST" duration-ms="1096" status="PASS">
          <params>
            <param index="0">
              <value>
                <![CDATA[5678]]>
              </value>
            </param>
          </params>
          <reporter-output>
          </reporter-output>
        </test-method> <!-- testdeleteeorder -->
      </class> <!-- api.test.DDStoreTests2 -->
      <class name="api.chaining.test.Updatepetdetails">
        <test-method signature="addpet(org.testng.ITestContext)[pri:0, instance:api.chaining.test.Updatepetdetails@44ebcd03]" started-at="2026-07-10T23:48:38 IST" name="addpet" depends-on-groups="get" finished-at="2026-07-10T23:48:39 IST" duration-ms="1233" status="PASS">
          <params>
            <param index="0">
              <value>
                <![CDATA[org.testng.TestRunner@2b9ed6da]]>
              </value>
            </param>
          </params>
          <reporter-output>
          </reporter-output>
        </test-method> <!-- addpet -->
      </class> <!-- api.chaining.test.Updatepetdetails -->
      <class name="api.test.PetTests2">
        <test-method is-config="true" signature="petdatasetup()[pri:0, instance:api.test.PetTests2@6aba2b86]" started-at="2026-07-10T23:48:42 IST" name="petdatasetup" finished-at="2026-07-10T23:48:42 IST" duration-ms="40" status="PASS">
          <reporter-output>
          </reporter-output>
        </test-method> <!-- petdatasetup -->
        <test-method signature="TestPostPet()[pri:1, instance:api.test.PetTests2@6aba2b86]" started-at="2026-07-10T23:48:42 IST" name="TestPostPet" finished-at="2026-07-10T23:48:44 IST" duration-ms="1151" status="PASS">
          <reporter-output>
          </reporter-output>
        </test-method> <!-- TestPostPet -->
        <test-method signature="TestGetPet()[pri:2, instance:api.test.PetTests2@6aba2b86]" started-at="2026-07-10T23:49:09 IST" name="TestGetPet" finished-at="2026-07-10T23:49:10 IST" duration-ms="1142" status="PASS">
          <reporter-output>
          </reporter-output>
        </test-method> <!-- TestGetPet -->
        <test-method signature="TestUpdatePet()[pri:3, instance:api.test.PetTests2@6aba2b86]" started-at="2026-07-10T23:49:25 IST" name="TestUpdatePet" finished-at="2026-07-10T23:49:26 IST" duration-ms="1117" status="PASS">
          <reporter-output>
          </reporter-output>
        </test-method> <!-- TestUpdatePet -->
        <test-method signature="TestDeletePet()[pri:4, instance:api.test.PetTests2@6aba2b86]" started-at="2026-07-10T23:49:39 IST" name="TestDeletePet" finished-at="2026-07-10T23:49:40 IST" duration-ms="1076" status="PASS">
          <reporter-output>
          </reporter-output>
        </test-method> <!-- TestDeletePet -->
      </class> <!-- api.test.PetTests2 -->
      <class name="api.chaining.test.Addanewpet">
        <test-method signature="addpet(org.testng.ITestContext)[pri:0, instance:api.chaining.test.Addanewpet@74e52303]" started-at="2026-07-10T23:48:29 IST" name="addpet" finished-at="2026-07-10T23:48:36 IST" duration-ms="7643" status="PASS">
          <params>
            <param index="0">
              <value>
                <![CDATA[org.testng.TestRunner@2b9ed6da]]>
              </value>
            </param>
          </params>
          <reporter-output>
          </reporter-output>
        </test-method> <!-- addpet -->
      </class> <!-- api.chaining.test.Addanewpet -->
    </test> <!-- Test -->
  </suite> <!-- Suite -->
</testng-results>
