<?xml version="1.0" encoding="UTF-8"?>
<testsuite xmlns:xsi="http://www.w3.org/2001/XMLSchema-instance" xsi:noNamespaceSchemaLocation="https://maven.apache.org/surefire/maven-surefire-plugin/xsd/surefire-test-report.xsd" version="3.0.2" name="TestSuite" time="79.72" tests="56" errors="0" skipped="0" failures="0">
  <properties>
[...]
</properties>
  <testcase name="addpet[org.testng.TestRunner@2b9ed6da](1)" classname="api.chaining.test.Addanewpet" time="7.661">
    <system-out><![CDATA[HTTP/1.1 200 OK
Date: Fri, 10 Jul 2026 18:18:35 GMT
Content-Type: application/json
Transfer-Encoding: chunked
Connection: keep-alive
Access-Control-Allow-Origin: *
Access-Control-Allow-Methods: GET, POST, DELETE, PUT
Access-Control-Allow-Headers: Content-Type, api_key, Authorization
Server: Jetty(9.2.9.v20150224)

{
    "id": 1097324923,
    "category": {
        "id": 90,
        "name": "fish"
    },
    "name": "Darnell",
    "photoUrls": [
        "https://s3.amazonaws.com/uifaces/faces/twitter/emmandenn/128.jpg"
    ],
    "tags": [
        {
            "id": 63,
            "name": "yak"
        }
    ],
    "status": "available"
}
]]></system-out>
    <system-err><![CDATA[SLF4J: Failed to load class "org.slf4j.impl.StaticLoggerBinder".
SLF4J: Defaulting to no-operation (NOP) logger implementation
SLF4J: See http://www.slf4j.org/codes.html#StaticLoggerBinder for further details.
]]></system-err>
  </testcase>
  <testcase name="getpet[org.testng.TestRunner@2b9ed6da](1)" classname="api.chaining.test.Retrievepetdetails" time="1.177">
    <system-out><![CDATA[HTTP/1.1 200 OK
Date: Fri, 10 Jul 2026 18:18:38 GMT
Content-Type: application/json
Transfer-Encoding: chunked
Connection: keep-alive
Access-Control-Allow-Origin: *
Access-Control-Allow-Methods: GET, POST, DELETE, PUT
Access-Control-Allow-Headers: Content-Type, api_key, Authorization
Server: Jetty(9.2.9.v20150224)

{
    "id": 1097324923,
    "category": {
        "id": 90,
        "name": "fish"
    },
    "name": "Darnell",
    "photoUrls": [
        "https://s3.amazonaws.com/uifaces/faces/twitter/emmandenn/128.jpg"
    ],
    "tags": [
        {
            "id": 63,
            "name": "yak"
        }
    ],
    "status": "available"
}
]]></system-out>
  </testcase>
  <testcase name="addpet[org.testng.TestRunner@2b9ed6da](1)" classname="api.chaining.test.Updatepetdetails" time="1.236">
    <system-out><![CDATA[HTTP/1.1 200 OK
Date: Fri, 10 Jul 2026 18:18:39 GMT
Content-Type: application/json
Transfer-Encoding: chunked
Connection: keep-alive
Access-Control-Allow-Origin: *
Access-Control-Allow-Methods: GET, POST, DELETE, PUT
Access-Control-Allow-Headers: Content-Type, api_key, Authorization
Server: Jetty(9.2.9.v20150224)

{
    "id": 1679542696,
    "category": {
        "id": 33,
        "name": "scorpion"
    },
    "name": "Kerry",
    "photoUrls": [
        "https://s3.amazonaws.com/uifaces/faces/twitter/pierrestoffe/128.jpg"
    ],
    "tags": [
        {
            "id": 8,
            "name": "horse"
        }
    ],
    "status": "available"
}
]]></system-out>
  </testcase>
  <testcase name="deletepet[org.testng.TestRunner@2b9ed6da](1)" classname="api.chaining.test.Deletepetdetails" time="1.14">
    <system-out><![CDATA[HTTP/1.1 200 OK
Date: Fri, 10 Jul 2026 18:18:40 GMT
Content-Type: application/json
Transfer-Encoding: chunked
Connection: keep-alive
Access-Control-Allow-Origin: *
Access-Control-Allow-Methods: GET, POST, DELETE, PUT
Access-Control-Allow-Headers: Content-Type, api_key, Authorization
Server: Jetty(9.2.9.v20150224)

{
    "code": 200,
    "type": "unknown",
    "message": "1097324923"
}
]]></system-out>
  </testcase>
  <testcase name="verifypetdeleted" classname="api.chaining.test.Deletepetdetails" time="1.145">
    <system-out><![CDATA[HTTP/1.1 404 Not Found
Date: Fri, 10 Jul 2026 18:18:41 GMT
Content-Type: application/json
Transfer-Encoding: chunked
Connection: keep-alive
Access-Control-Allow-Origin: *
Access-Control-Allow-Methods: GET, POST, DELETE, PUT
Access-Control-Allow-Headers: Content-Type, api_key, Authorization
Server: Jetty(9.2.9.v20150224)

{
    "code": 1,
    "type": "error",
    "message": "Pet not found"
}
]]></system-out>
  </testcase>
  <testcase name="TestPostPet" classname="api.test.PetTests" time="1.161">
    <system-out><![CDATA[HTTP/1.1 200 OK
Date: Fri, 10 Jul 2026 18:18:43 GMT
Content-Type: application/json
Transfer-Encoding: chunked
Connection: keep-alive
Access-Control-Allow-Origin: *
Access-Control-Allow-Methods: GET, POST, DELETE, PUT
Access-Control-Allow-Headers: Content-Type, api_key, Authorization
Server: Jetty(9.2.9.v20150224)

{
    "id": 669678735,
    "category": {
        "id": 62,
        "name": "tiger"
    },
    "name": "Tinisha",
    "photoUrls": [
        "https://s3.amazonaws.com/uifaces/faces/twitter/kijanmaharjan/128.jpg"
    ],
    "tags": [
        {
            "id": 62,
            "name": "clam"
        }
    ],
    "status": "available"
}
]]></system-out>
  </testcase>
  <testcase name="TestGetPet" classname="api.test.PetTests" time="1.332">
    <system-out><![CDATA[HTTP/1.1 200 OK
Date: Fri, 10 Jul 2026 18:19:09 GMT
Content-Type: application/json
Transfer-Encoding: chunked
Connection: keep-alive
Access-Control-Allow-Origin: *
Access-Control-Allow-Methods: GET, POST, DELETE, PUT
Access-Control-Allow-Headers: Content-Type, api_key, Authorization
Server: Jetty(9.2.9.v20150224)

{
    "id": 669678735,
    "category": {
        "id": 62,
        "name": "tiger"
    },
    "name": "Tinisha",
    "photoUrls": [
        "https://s3.amazonaws.com/uifaces/faces/twitter/kijanmaharjan/128.jpg"
    ],
    "tags": [
        {
            "id": 62,
            "name": "clam"
        }
    ],
    "status": "available"
}
]]></system-out>
  </testcase>
  <testcase name="TestUpdatePet" classname="api.test.PetTests" time="1.111">
    <system-out><![CDATA[HTTP/1.1 200 OK
Date: Fri, 10 Jul 2026 18:19:25 GMT
Content-Type: application/json
Transfer-Encoding: chunked
Connection: keep-alive
Access-Control-Allow-Origin: *
Access-Control-Allow-Methods: GET, POST, DELETE, PUT
Access-Control-Allow-Headers: Content-Type, api_key, Authorization
Server: Jetty(9.2.9.v20150224)

{
    "id": 669678735,
    "category": {
        "id": 62,
        "name": "tiger"
    },
    "name": "Tory",
    "photoUrls": [
        "https://s3.amazonaws.com/uifaces/faces/twitter/kijanmaharjan/128.jpg"
    ],
    "tags": [
        {
            "id": 62,
            "name": "clam"
        }
    ],
    "status": "notavailable"
}
]]></system-out>
  </testcase>
  <testcase name="TestDeletePet" classname="api.test.PetTests" time="1.097">
    <system-out><![CDATA[HTTP/1.1 200 OK
Date: Fri, 10 Jul 2026 18:19:39 GMT
Content-Type: application/json
Transfer-Encoding: chunked
Connection: keep-alive
Access-Control-Allow-Origin: *
Access-Control-Allow-Methods: GET, POST, DELETE, PUT
Access-Control-Allow-Headers: Content-Type, api_key, Authorization
Server: Jetty(9.2.9.v20150224)

{
    "code": 200,
    "type": "unknown",
    "message": "669678735"
}
]]></system-out>
  </testcase>
  <testcase name="TestPostPet" classname="api.test.PetTests2" time="1.154">
    <system-out><![CDATA[HTTP/1.1 200 OK
Date: Fri, 10 Jul 2026 18:18:44 GMT
Content-Type: application/json
Transfer-Encoding: chunked
Connection: keep-alive
Access-Control-Allow-Origin: *
Access-Control-Allow-Methods: GET, POST, DELETE, PUT
Access-Control-Allow-Headers: Content-Type, api_key, Authorization
Server: Jetty(9.2.9.v20150224)

{
    "id": 65327511,
    "category": {
        "id": 33,
        "name": "otter"
    },
    "name": "Timothy",
    "photoUrls": [
        "https://s3.amazonaws.com/uifaces/faces/twitter/andresenfredrik/128.jpg"
    ],
    "tags": [
        {
            "id": 35,
            "name": "pug"
        }
    ],
    "status": "available"
}
]]></system-out>
  </testcase>
  <testcase name="TestGetPet" classname="api.test.PetTests2" time="1.146">
    <system-out><![CDATA[HTTP/1.1 200 OK
Date: Fri, 10 Jul 2026 18:19:11 GMT
Content-Type: application/json
Transfer-Encoding: chunked
Connection: keep-alive
Access-Control-Allow-Origin: *
Access-Control-Allow-Methods: GET, POST, DELETE, PUT
Access-Control-Allow-Headers: Content-Type, api_key, Authorization
Server: Jetty(9.2.9.v20150224)

{
    "id": 65327511,
    "category": {
        "id": 33,
        "name": "otter"
    },
    "name": "Timothy",
    "photoUrls": [
        "https://s3.amazonaws.com/uifaces/faces/twitter/andresenfredrik/128.jpg"
    ],
    "tags": [
        {
            "id": 35,
            "name": "pug"
        }
    ],
    "status": "available"
}
]]></system-out>
  </testcase>
  <testcase name="TestUpdatePet" classname="api.test.PetTests2" time="1.113">
    <system-out><![CDATA[HTTP/1.1 200 OK
Date: Fri, 10 Jul 2026 18:19:27 GMT
Content-Type: application/json
Transfer-Encoding: chunked
Connection: keep-alive
Access-Control-Allow-Origin: *
Access-Control-Allow-Methods: GET, POST, DELETE, PUT
Access-Control-Allow-Headers: Content-Type, api_key, Authorization
Server: Jetty(9.2.9.v20150224)

{
    "id": 65327511,
    "category": {
        "id": 33,
        "name": "otter"
    },
    "name": "Ted",
    "photoUrls": [
        "https://s3.amazonaws.com/uifaces/faces/twitter/andresenfredrik/128.jpg"
    ],
    "tags": [
        {
            "id": 35,
            "name": "pug"
        }
    ],
    "status": "notavailable"
}
]]></system-out>
  </testcase>
  <testcase name="TestDeletePet" classname="api.test.PetTests2" time="1.079">
    <system-out><![CDATA[HTTP/1.1 200 OK
Date: Fri, 10 Jul 2026 18:19:40 GMT
Content-Type: application/json
Transfer-Encoding: chunked
Connection: keep-alive
Access-Control-Allow-Origin: *
Access-Control-Allow-Methods: GET, POST, DELETE, PUT
Access-Control-Allow-Headers: Content-Type, api_key, Authorization
Server: Jetty(9.2.9.v20150224)

{
    "code": 200,
    "type": "unknown",
    "message": "65327511"
}
]]></system-out>
  </testcase>
  <testcase name="TestPostPet" classname="api.test.PetSchemaValidation" time="1.164">
    <system-out><![CDATA[HTTP/1.1 200 OK
Date: Fri, 10 Jul 2026 18:18:45 GMT
Content-Type: application/json
Transfer-Encoding: chunked
Connection: keep-alive
Access-Control-Allow-Origin: *
Access-Control-Allow-Methods: GET, POST, DELETE, PUT
Access-Control-Allow-Headers: Content-Type, api_key, Authorization
Server: Jetty(9.2.9.v20150224)

{
    "id": 598308875,
    "category": {
        "id": 38,
        "name": "chinchilla"
    },
    "name": "Chung",
    "photoUrls": [
        "https://s3.amazonaws.com/uifaces/faces/twitter/nitinhayaran/128.jpg"
    ],
    "tags": [
        {
            "id": 11,
            "name": "snail"
        }
    ],
    "status": "available"
}
]]></system-out>
  </testcase>
  <testcase name="TestGetPet" classname="api.test.PetSchemaValidation" time="1.169">
    <system-out><![CDATA[HTTP/1.1 200 OK
Date: Fri, 10 Jul 2026 18:19:12 GMT
Content-Type: application/json
Transfer-Encoding: chunked
Connection: keep-alive
Access-Control-Allow-Origin: *
Access-Control-Allow-Methods: GET, POST, DELETE, PUT
Access-Control-Allow-Headers: Content-Type, api_key, Authorization
Server: Jetty(9.2.9.v20150224)

{
    "id": 598308875,
    "category": {
        "id": 38,
        "name": "chinchilla"
    },
    "name": "Chung",
    "photoUrls": [
        "https://s3.amazonaws.com/uifaces/faces/twitter/nitinhayaran/128.jpg"
    ],
    "tags": [
        {
            "id": 11,
            "name": "snail"
        }
    ],
    "status": "available"
}
]]></system-out>
  </testcase>
  <testcase name="TestUpdatePet" classname="api.test.PetSchemaValidation" time="1.104">
    <system-out><![CDATA[HTTP/1.1 200 OK
Date: Fri, 10 Jul 2026 18:19:28 GMT
Content-Type: application/json
Transfer-Encoding: chunked
Connection: keep-alive
Access-Control-Allow-Origin: *
Access-Control-Allow-Methods: GET, POST, DELETE, PUT
Access-Control-Allow-Headers: Content-Type, api_key, Authorization
Server: Jetty(9.2.9.v20150224)

{
    "id": 598308875,
    "category": {
        "id": 38,
        "name": "chinchilla"
    },
    "name": "Julienne",
    "photoUrls": [
        "https://s3.amazonaws.com/uifaces/faces/twitter/nitinhayaran/128.jpg"
    ],
    "tags": [
        {
            "id": 11,
            "name": "snail"
        }
    ],
    "status": "notavailable"
}
]]></system-out>
  </testcase>
  <testcase name="TestDeletePet" classname="api.test.PetSchemaValidation" time="1.094">
    <system-out><![CDATA[HTTP/1.1 200 OK
Date: Fri, 10 Jul 2026 18:19:41 GMT
Content-Type: application/json
Transfer-Encoding: chunked
Connection: keep-alive
Access-Control-Allow-Origin: *
Access-Control-Allow-Methods: GET, POST, DELETE, PUT
Access-Control-Allow-Headers: Content-Type, api_key, Authorization
Server: Jetty(9.2.9.v20150224)

{
    "code": 200,
    "type": "unknown",
    "message": "598308875"
}
]]></system-out>
  </testcase>
  <testcase name="TestPostPet[101, 10, Dog, Tommy, https://abc.com/1.jpg, 1, Cute, available](1)" classname="api.test.DDPetTests" time="1.124">
    <system-out><![CDATA[HTTP/1.1 200 OK
Date: Fri, 10 Jul 2026 18:18:49 GMT
Content-Type: application/json
Transfer-Encoding: chunked
Connection: keep-alive
Access-Control-Allow-Origin: *
Access-Control-Allow-Methods: GET, POST, DELETE, PUT
Access-Control-Allow-Headers: Content-Type, api_key, Authorization
Server: Jetty(9.2.9.v20150224)

{
    "id": 101,
    "category": {
        "id": 10,
        "name": "Dog"
    },
    "name": "Tommy",
    "photoUrls": [
        "https://abc.com/1.jpg"
    ],
    "tags": [
        {
            "id": 1,
            "name": "Cute"
        }
    ],
    "status": "available"
}
]]></system-out>
    <system-err><![CDATA[ERROR StatusLogger Log4j2 could not find a logging implementation. Please add log4j-core to the classpath. Using SimpleLogger to log to the console...
]]></system-err>
  </testcase>
  <testcase name="TestPostPet[102, 20, Cat, Kitty, https://abc.com/2.jpg, 2, White, pending](2)" classname="api.test.DDPetTests" time="1.132">
    <system-out><![CDATA[HTTP/1.1 200 OK
Date: Fri, 10 Jul 2026 18:18:50 GMT
Content-Type: application/json
Transfer-Encoding: chunked
Connection: keep-alive
Access-Control-Allow-Origin: *
Access-Control-Allow-Methods: GET, POST, DELETE, PUT
Access-Control-Allow-Headers: Content-Type, api_key, Authorization
Server: Jetty(9.2.9.v20150224)

{
    "id": 102,
    "category": {
        "id": 20,
        "name": "Cat"
    },
    "name": "Kitty",
    "photoUrls": [
        "https://abc.com/2.jpg"
    ],
    "tags": [
        {
            "id": 2,
            "name": "White"
        }
    ],
    "status": "pending"
}
]]></system-out>
  </testcase>
  <testcase name="TestPostPet[103, 30, Rabbit, Bunny, https://abc.com/3.jpg, 3, Small, sold](3)" classname="api.test.DDPetTests" time="1.125">
    <system-out><![CDATA[HTTP/1.1 200 OK
Date: Fri, 10 Jul 2026 18:18:51 GMT
Content-Type: application/json
Transfer-Encoding: chunked
Connection: keep-alive
Access-Control-Allow-Origin: *
Access-Control-Allow-Methods: GET, POST, DELETE, PUT
Access-Control-Allow-Headers: Content-Type, api_key, Authorization
Server: Jetty(9.2.9.v20150224)

{
    "id": 103,
    "category": {
        "id": 30,
        "name": "Rabbit"
    },
    "name": "Bunny",
    "photoUrls": [
        "https://abc.com/3.jpg"
    ],
    "tags": [
        {
            "id": 3,
            "name": "Small"
        }
    ],
    "status": "sold"
}
]]></system-out>
  </testcase>
  <testcase name="TestGetPet[101](1)" classname="api.test.DDPetTests" time="1.118">
    <system-out><![CDATA[{
    "id": 101,
    "category": {
        "id": 10,
        "name": "Dog"
    },
    "name": "Tommy",
    "photoUrls": [
        "https://abc.com/1.jpg"
    ],
    "tags": [
        {
            "id": 1,
            "name": "Cute"
        }
    ],
    "status": "available"
}
]]></system-out>
  </testcase>
  <testcase name="TestGetPet[102](2)" classname="api.test.DDPetTests" time="1.126">
    <system-out><![CDATA[{
    "id": 102,
    "category": {
        "id": 20,
        "name": "Cat"
    },
    "name": "Kitty",
    "photoUrls": [
        "https://abc.com/2.jpg"
    ],
    "tags": [
        {
            "id": 2,
            "name": "White"
        }
    ],
    "status": "pending"
}
]]></system-out>
  </testcase>
  <testcase name="TestGetPet[103](3)" classname="api.test.DDPetTests" time="1.164">
    <system-out><![CDATA[{
    "id": 103,
    "category": {
        "id": 30,
        "name": "Rabbit"
    },
    "name": "Bunny",
    "photoUrls": [
        "https://abc.com/3.jpg"
    ],
    "tags": [
        {
            "id": 3,
            "name": "Small"
        }
    ],
    "status": "sold"
}
]]></system-out>
  </testcase>
  <testcase name="TestUpdatePet[101, 10, Dog, Tommy, https://abc.com/1.jpg, 1, Cute, available](1)" classname="api.test.DDPetTests" time="1.123">
    <system-out><![CDATA[HTTP/1.1 200 OK
Date: Fri, 10 Jul 2026 18:19:29 GMT
Content-Type: application/json
Transfer-Encoding: chunked
Connection: keep-alive
Access-Control-Allow-Origin: *
Access-Control-Allow-Methods: GET, POST, DELETE, PUT
Access-Control-Allow-Headers: Content-Type, api_key, Authorization
Server: Jetty(9.2.9.v20150224)

{
    "id": 103,
    "category": {
        "id": 30,
        "name": "Rabbit"
    },
    "name": "Laurence",
    "photoUrls": [
        "https://abc.com/3.jpg"
    ],
    "tags": [
        {
            "id": 3,
            "name": "Small"
        }
    ],
    "status": "pending"
}
]]></system-out>
  </testcase>
  <testcase name="TestUpdatePet[102, 20, Cat, Kitty, https://abc.com/2.jpg, 2, White, pending](2)" classname="api.test.DDPetTests" time="1.111">
    <system-out><![CDATA[HTTP/1.1 200 OK
Date: Fri, 10 Jul 2026 18:19:30 GMT
Content-Type: application/json
Transfer-Encoding: chunked
Connection: keep-alive
Access-Control-Allow-Origin: *
Access-Control-Allow-Methods: GET, POST, DELETE, PUT
Access-Control-Allow-Headers: Content-Type, api_key, Authorization
Server: Jetty(9.2.9.v20150224)

{
    "id": 103,
    "category": {
        "id": 30,
        "name": "Rabbit"
    },
    "name": "Randell",
    "photoUrls": [
        "https://abc.com/3.jpg"
    ],
    "tags": [
        {
            "id": 3,
            "name": "Small"
        }
    ],
    "status": "pending"
}
]]></system-out>
  </testcase>
  <testcase name="TestUpdatePet[103, 30, Rabbit, Bunny, https://abc.com/3.jpg, 3, Small, sold](3)" classname="api.test.DDPetTests" time="1.096">
    <system-out><![CDATA[HTTP/1.1 200 OK
Date: Fri, 10 Jul 2026 18:19:31 GMT
Content-Type: application/json
Transfer-Encoding: chunked
Connection: keep-alive
Access-Control-Allow-Origin: *
Access-Control-Allow-Methods: GET, POST, DELETE, PUT
Access-Control-Allow-Headers: Content-Type, api_key, Authorization
Server: Jetty(9.2.9.v20150224)

{
    "id": 103,
    "category": {
        "id": 30,
        "name": "Rabbit"
    },
    "name": "Eldon",
    "photoUrls": [
        "https://abc.com/3.jpg"
    ],
    "tags": [
        {
            "id": 3,
            "name": "Small"
        }
    ],
    "status": "pending"
}
]]></system-out>
  </testcase>
  <testcase name="TestDeletePet[101](1)" classname="api.test.DDPetTests" time="1.07">
    <system-out><![CDATA[HTTP/1.1 200 OK
Date: Fri, 10 Jul 2026 18:19:42 GMT
Content-Type: application/json
Transfer-Encoding: chunked
Connection: keep-alive
Access-Control-Allow-Origin: *
Access-Control-Allow-Methods: GET, POST, DELETE, PUT
Access-Control-Allow-Headers: Content-Type, api_key, Authorization
Server: Jetty(9.2.9.v20150224)

{
    "code": 200,
    "type": "unknown",
    "message": "101"
}
]]></system-out>
  </testcase>
  <testcase name="TestDeletePet[102](2)" classname="api.test.DDPetTests" time="1.088">
    <system-out><![CDATA[HTTP/1.1 200 OK
Date: Fri, 10 Jul 2026 18:19:43 GMT
Content-Type: application/json
Transfer-Encoding: chunked
Connection: keep-alive
Access-Control-Allow-Origin: *
Access-Control-Allow-Methods: GET, POST, DELETE, PUT
Access-Control-Allow-Headers: Content-Type, api_key, Authorization
Server: Jetty(9.2.9.v20150224)

{
    "code": 200,
    "type": "unknown",
    "message": "102"
}
]]></system-out>
  </testcase>
  <testcase name="TestDeletePet[103](3)" classname="api.test.DDPetTests" time="1.087">
    <system-out><![CDATA[HTTP/1.1 200 OK
Date: Fri, 10 Jul 2026 18:19:44 GMT
Content-Type: application/json
Transfer-Encoding: chunked
Connection: keep-alive
Access-Control-Allow-Origin: *
Access-Control-Allow-Methods: GET, POST, DELETE, PUT
Access-Control-Allow-Headers: Content-Type, api_key, Authorization
Server: Jetty(9.2.9.v20150224)

{
    "code": 200,
    "type": "unknown",
    "message": "103"
}
]]></system-out>
  </testcase>
  <testcase name="testPostUser[11234, testuser1, John, Canedy, a@gmail.com, test@5678, 123456789](1)" classname="api.test.DDTests" time="1.115">
    <system-out><![CDATA[{"code":200,"type":"unknown","message":"11234"}
]]></system-out>
  </testcase>
  <testcase name="testPostUser[11456, testuser2, Kim, Kom, b@gmail.com, test@2465, 234567891](2)" classname="api.test.DDTests" time="1.116">
    <system-out><![CDATA[{"code":200,"type":"unknown","message":"11456"}
]]></system-out>
  </testcase>
  <testcase name="testPostUser[11890, testuser3, Steve, Steve, c@gmail.com, test@3380, 345678912](3)" classname="api.test.DDTests" time="1.113">
    <system-out><![CDATA[{"code":200,"type":"unknown","message":"11890"}
]]></system-out>
  </testcase>
  <testcase name="testdeleteUser[testuser1](1)" classname="api.test.DDTests" time="1.111"/>
  <testcase name="testdeleteUser[testuser2](2)" classname="api.test.DDTests" time="1.107"/>
  <testcase name="testdeleteUser[testuser3](3)" classname="api.test.DDTests" time="1.106"/>
  <testcase name="testpostorder" classname="api.test.StoreTests2" time="1.126"/>
  <testcase name="testgetorder" classname="api.test.StoreTests2" time="1.127"/>
  <testcase name="testdeleteeorder" classname="api.test.StoreTests2" time="1.114">
    <system-out><![CDATA[HTTP/1.1 200 OK
Date: Fri, 10 Jul 2026 18:19:35 GMT
Content-Type: application/json
Transfer-Encoding: chunked
Connection: keep-alive
Access-Control-Allow-Origin: *
Access-Control-Allow-Methods: GET, POST, DELETE, PUT
Access-Control-Allow-Headers: Content-Type, api_key, Authorization
Server: Jetty(9.2.9.v20150224)

{
    "id": 222599264,
    "petId": 0,
    "quantity": 5,
    "complete": false
}
]]></system-out>
  </testcase>
  <testcase name="testpostorder[1234, 123456, 1, 2026-07-03T12:40:09.959Z, placed, true](1)" classname="api.test.DDStoreTests2" time="1.158"/>
  <testcase name="testpostorder[5678, 567891, 2, 2026-07-02T12:40:08.959Z, placed, true](2)" classname="api.test.DDStoreTests2" time="1.133"/>
  <testcase name="testgetorder[1234](1)" classname="api.test.DDStoreTests2" time="1.13"/>
  <testcase name="testgetorder[5678](2)" classname="api.test.DDStoreTests2" time="1.134"/>
  <testcase name="testdeleteeorder[1234](1)" classname="api.test.DDStoreTests2" time="1.115">
    <system-out><![CDATA[HTTP/1.1 200 OK
Date: Fri, 10 Jul 2026 18:19:36 GMT
Content-Type: application/json
Transfer-Encoding: chunked
Connection: keep-alive
Access-Control-Allow-Origin: *
Access-Control-Allow-Methods: GET, POST, DELETE, PUT
Access-Control-Allow-Headers: Content-Type, api_key, Authorization
Server: Jetty(9.2.9.v20150224)

{
    "id": 1234,
    "petId": 0,
    "quantity": 1,
    "status": "placed",
    "complete": true
}
]]></system-out>
  </testcase>
  <testcase name="testdeleteeorder[5678](2)" classname="api.test.DDStoreTests2" time="1.097">
    <system-out><![CDATA[HTTP/1.1 200 OK
Date: Fri, 10 Jul 2026 18:19:37 GMT
Content-Type: application/json
Transfer-Encoding: chunked
Connection: keep-alive
Access-Control-Allow-Origin: *
Access-Control-Allow-Methods: GET, POST, DELETE, PUT
Access-Control-Allow-Headers: Content-Type, api_key, Authorization
Server: Jetty(9.2.9.v20150224)

{
    "id": 5678,
    "petId": 0,
    "quantity": 2,
    "status": "placed",
    "complete": true
}
]]></system-out>
  </testcase>
  <testcase name="testpostorder" classname="api.test.StoreTests" time="1.123"/>
  <testcase name="testgetorder" classname="api.test.StoreTests" time="1.102"/>
  <testcase name="testdeleteeorder" classname="api.test.StoreTests" time="1.092">
    <system-out><![CDATA[HTTP/1.1 200 OK
Date: Fri, 10 Jul 2026 18:19:38 GMT
Content-Type: application/json
Transfer-Encoding: chunked
Connection: keep-alive
Access-Control-Allow-Origin: *
Access-Control-Allow-Methods: GET, POST, DELETE, PUT
Access-Control-Allow-Headers: Content-Type, api_key, Authorization
Server: Jetty(9.2.9.v20150224)

{
    "id": 1087949606,
    "petId": 0,
    "quantity": 6,
    "complete": false
}
]]></system-out>
  </testcase>
  <testcase name="testpostuser" classname="api.test.UserTests2" time="1.129"/>
  <testcase name="testReaduser" classname="api.test.UserTests2" time="1.118">
    <system-out><![CDATA[{
    "id": 1496721991,
    "username": "twanda.ebert",
    "firstName": "Francesco",
    "lastName": "Runolfsdottir",
    "email": "lincoln.renner@hotmail.com",
    "password": "32iyfg03lywso",
    "phone": "175-597-1836",
    "userStatus": 0
}
]]></system-out>
  </testcase>
  <testcase name="testUpdateuser" classname="api.test.UserTests2" time="2.225">
    <system-out><![CDATA[{
    "id": 1496721991,
    "username": "tamesha.volkman",
    "firstName": "Leland",
    "lastName": "Moen",
    "email": "lincoln.renner@hotmail.com",
    "password": "32iyfg03lywso",
    "phone": "175-597-1836",
    "userStatus": 0
}
]]></system-out>
  </testcase>
  <testcase name="testDeleteuser" classname="api.test.UserTests2" time="1.087">
    <system-out><![CDATA[{
    "code": 200,
    "type": "unknown",
    "message": "tamesha.volkman"
}
]]></system-out>
  </testcase>
  <testcase name="testpostuser" classname="api.test.UserTests" time="1.12"/>
  <testcase name="testReaduser" classname="api.test.UserTests" time="1.129">
    <system-out><![CDATA[{
    "id": 1786487691,
    "username": "bao.yundt",
    "firstName": "Bradley",
    "lastName": "Abernathy",
    "email": "gil.greenfelder@hotmail.com",
    "password": "2xhkiqmkc05vj",
    "phone": "011-887-0559",
    "userStatus": 0
}
]]></system-out>
  </testcase>
  <testcase name="testUpdateuser" classname="api.test.UserTests" time="2.293">
    <system-out><![CDATA[{
    "id": 1786487691,
    "username": "bao.yundt",
    "firstName": "Latesha",
    "lastName": "Kunde",
    "email": "gil.greenfelder@hotmail.com",
    "password": "2xhkiqmkc05vj",
    "phone": "011-887-0559",
    "userStatus": 0
}
]]></system-out>
  </testcase>
  <testcase name="testDeleteuser" classname="api.test.UserTests" time="1.132">
    <system-out><![CDATA[{
    "code": 200,
    "type": "unknown",
    "message": "bao.yundt"
}
]]></system-out>
  </testcase>
  <testcase name="testReaduserschema" classname="api.test.SchemaValidation" time="1.643">
    <system-out><![CDATA[HTTP/1.1 200 OK
Date: Fri, 10 Jul 2026 18:19:03 GMT
Content-Type: application/json
Transfer-Encoding: chunked
Connection: keep-alive
Access-Control-Allow-Origin: *
Access-Control-Allow-Methods: GET, POST, DELETE, PUT
Access-Control-Allow-Headers: Content-Type, api_key, Authorization
Server: Jetty(9.2.9.v20150224)

{
    "id": 1786487691,
    "username": "bao.yundt",
    "firstName": "Bradley",
    "lastName": "Abernathy",
    "email": "gil.greenfelder@hotmail.com",
    "password": "2xhkiqmkc05vj",
    "phone": "011-887-0559",
    "userStatus": 0
}
]]></system-out>
  </testcase>
</testsuite>