<?xml version="1.0" encoding="UTF-8"?>
<testng-results ignored="0" total="24" passed="24" failed="0" skipped="0">
  <reporter-output>
  </reporter-output>
  <suite started-at="2026-07-04T07:37:23 IST" name="Suite" finished-at="2026-07-04T07:38:00 IST" duration-ms="36839">
    <groups>
      <group name="schema">
        <method signature="SchemaValidation.testReaduserschema()[pri:0, instance:api.test.SchemaValidation@3590fc5b]" name="testReaduserschema" class="api.test.SchemaValidation"/>
      </group> <!-- schema -->
      <group name="post">
        <method signature="UserTests.testpostuser()[pri:1, instance:api.test.UserTests@41d477ed]" name="testpostuser" class="api.test.UserTests"/>
      </group> <!-- post -->
    </groups>
    <test started-at="2026-07-04T07:37:23 IST" name="Test" finished-at="2026-07-04T07:38:00 IST" duration-ms="36839">
      <class name="api.test.SchemaValidation">
        <test-method signature="testReaduserschema()[pri:0, instance:api.test.SchemaValidation@3590fc5b]" started-at="2026-07-04T07:37:37 IST" name="testReaduserschema" depends-on-groups="post" finished-at="2026-07-04T07:37:39 IST" duration-ms="1803" status="PASS">
          <reporter-output>
          </reporter-output>
        </test-method> <!-- testReaduserschema -->
      </class> <!-- api.test.SchemaValidation -->
      <class name="api.test.UserTests2">
        <test-method is-config="true" signature="setupdata()[pri:0, instance:api.test.UserTests2@397fbdb]" started-at="2026-07-04T07:37:44 IST" name="setupdata" finished-at="2026-07-04T07:37:44 IST" duration-ms="39" status="PASS">
          <reporter-output>
          </reporter-output>
        </test-method> <!-- setupdata -->
        <test-method signature="testpostuser()[pri:1, instance:api.test.UserTests2@397fbdb]" started-at="2026-07-04T07:37:44 IST" name="testpostuser" finished-at="2026-07-04T07:37:45 IST" duration-ms="1112" status="PASS">
          <reporter-output>
          </reporter-output>
        </test-method> <!-- testpostuser -->
        <test-method signature="testReaduser()[pri:2, instance:api.test.UserTests2@397fbdb]" started-at="2026-07-04T07:37:45 IST" name="testReaduser" finished-at="2026-07-04T07:37:47 IST" duration-ms="1108" status="PASS">
          <reporter-output>
          </reporter-output>
        </test-method> <!-- testReaduser -->
        <test-method signature="testUpdateuser()[pri:3, instance:api.test.UserTests2@397fbdb]" started-at="2026-07-04T07:37:53 IST" name="testUpdateuser" finished-at="2026-07-04T07:37:56 IST" duration-ms="2246" status="PASS">
          <reporter-output>
          </reporter-output>
        </test-method> <!-- testUpdateuser -->
        <test-method signature="testDeleteuser()[pri:4, instance:api.test.UserTests2@397fbdb]" started-at="2026-07-04T07:37:59 IST" name="testDeleteuser" finished-at="2026-07-04T07:38:00 IST" duration-ms="1106" status="PASS">
          <reporter-output>
          </reporter-output>
        </test-method> <!-- testDeleteuser -->
      </class> <!-- api.test.UserTests2 -->
      <class name="api.test.UserTests">
        <test-method is-config="true" signature="setupdata()[pri:0, instance:api.test.UserTests@41d477ed]" started-at="2026-07-04T07:37:36 IST" name="setupdata" finished-at="2026-07-04T07:37:36 IST" duration-ms="292" status="PASS">
          <reporter-output>
          </reporter-output>
        </test-method> <!-- setupdata -->
        <test-method signature="testpostuser()[pri:1, instance:api.test.UserTests@41d477ed]" started-at="2026-07-04T07:37:36 IST" name="testpostuser" finished-at="2026-07-04T07:37:37 IST" duration-ms="1125" status="PASS">
          <reporter-output>
          </reporter-output>
        </test-method> <!-- testpostuser -->
        <test-method signature="testReaduser()[pri:0, instance:api.test.UserTests@41d477ed]" started-at="2026-07-04T07:37:39 IST" name="testReaduser" depends-on-groups="schema" finished-at="2026-07-04T07:37:41 IST" duration-ms="2115" status="PASS">
          <reporter-output>
          </reporter-output>
        </test-method> <!-- testReaduser -->
        <test-method signature="testUpdateuser()[pri:0, instance:api.test.UserTests@41d477ed]" started-at="2026-07-04T07:37:41 IST" name="testUpdateuser" finished-at="2026-07-04T07:37:43 IST" depends-on-methods="api.test.UserTests.testReaduser" duration-ms="2274" status="PASS">
          <reporter-output>
          </reporter-output>
        </test-method> <!-- testUpdateuser -->
        <test-method signature="testDeleteuser()[pri:0, instance:api.test.UserTests@41d477ed]" started-at="2026-07-04T07:37:43 IST" name="testDeleteuser" finished-at="2026-07-04T07:37:44 IST" depends-on-methods="api.test.UserTests.testUpdateuser" duration-ms="1130" status="PASS">
          <reporter-output>
          </reporter-output>
        </test-method> <!-- testDeleteuser -->
      </class> <!-- api.test.UserTests -->
      <class name="api.test.DDStoreTests2">
        <test-method signature="testpostorder(java.lang.String,java.lang.String,java.lang.String,java.lang.String,java.lang.String,java.lang.String)[pri:1, instance:api.test.DDStoreTests2@6aeb35e6]" started-at="2026-07-04T07:37:32 IST" name="testpostorder" data-provider="Data1" finished-at="2026-07-04T07:37:33 IST" duration-ms="1142" status="PASS">
          <params>
            <param index="0">
              <value>
                <![CDATA[1234]]>
              </value>
            </param>
            <param index="1">
              <value>
                <![CDATA[123456]]>
              </value>
            </param>
            <param index="2">
              <value>
                <![CDATA[1]]>
              </value>
            </param>
            <param index="3">
              <value>
                <![CDATA[2026-07-03T12:40:09.959Z]]>
              </value>
            </param>
            <param index="4">
              <value>
                <![CDATA[placed]]>
              </value>
            </param>
            <param index="5">
              <value>
                <![CDATA[true]]>
              </value>
            </param>
          </params>
          <reporter-output>
          </reporter-output>
        </test-method> <!-- testpostorder -->
        <test-method signature="testpostorder(java.lang.String,java.lang.String,java.lang.String,java.lang.String,java.lang.String,java.lang.String)[pri:1, instance:api.test.DDStoreTests2@6aeb35e6]" started-at="2026-07-04T07:37:33 IST" name="testpostorder" data-provider="Data1" finished-at="2026-07-04T07:37:34 IST" duration-ms="1120" status="PASS">
          <params>
            <param index="0">
              <value>
                <![CDATA[5678]]>
              </value>
            </param>
            <param index="1">
              <value>
                <![CDATA[567891]]>
              </value>
            </param>
            <param index="2">
              <value>
                <![CDATA[2]]>
              </value>
            </param>
            <param index="3">
              <value>
                <![CDATA[2026-07-02T12:40:08.959Z]]>
              </value>
            </param>
            <param index="4">
              <value>
                <![CDATA[placed]]>
              </value>
            </param>
            <param index="5">
              <value>
                <![CDATA[true]]>
              </value>
            </param>
          </params>
          <reporter-output>
          </reporter-output>
        </test-method> <!-- testpostorder -->
        <test-method signature="testgetorder(java.lang.String)[pri:2, instance:api.test.DDStoreTests2@6aeb35e6]" started-at="2026-07-04T07:37:50 IST" name="testgetorder" data-provider="id1" finished-at="2026-07-04T07:37:51 IST" duration-ms="1111" status="PASS">
          <params>
            <param index="0">
              <value>
                <![CDATA[1234]]>
              </value>
            </param>
          </params>
          <reporter-output>
          </reporter-output>
        </test-method> <!-- testgetorder -->
        <test-method signature="testgetorder(java.lang.String)[pri:2, instance:api.test.DDStoreTests2@6aeb35e6]" started-at="2026-07-04T07:37:51 IST" name="testgetorder" data-provider="id1" finished-at="2026-07-04T07:37:52 IST" duration-ms="1126" status="PASS">
          <params>
            <param index="0">
              <value>
                <![CDATA[5678]]>
              </value>
            </param>
          </params>
          <reporter-output>
          </reporter-output>
        </test-method> <!-- testgetorder -->
        <test-method signature="testdeleteeorder(java.lang.String)[pri:3, instance:api.test.DDStoreTests2@6aeb35e6]" started-at="2026-07-04T07:37:56 IST" name="testdeleteeorder" data-provider="id1" finished-at="2026-07-04T07:37:57 IST" duration-ms="1098" status="PASS">
          <params>
            <param index="0">
              <value>
                <![CDATA[1234]]>
              </value>
            </param>
          </params>
          <reporter-output>
          </reporter-output>
        </test-method> <!-- testdeleteeorder -->
        <test-method signature="testdeleteeorder(java.lang.String)[pri:3, instance:api.test.DDStoreTests2@6aeb35e6]" started-at="2026-07-04T07:37:57 IST" name="testdeleteeorder" data-provider="id1" finished-at="2026-07-04T07:37:58 IST" duration-ms="1109" status="PASS">
          <params>
            <param index="0">
              <value>
                <![CDATA[5678]]>
              </value>
            </param>
          </params>
          <reporter-output>
          </reporter-output>
        </test-method> <!-- testdeleteeorder -->
      </class> <!-- api.test.DDStoreTests2 -->
      <class name="api.test.StoreTests">
        <test-method is-config="true" signature="storedatasetup()[pri:0, instance:api.test.StoreTests@33d512c1]" started-at="2026-07-04T07:37:34 IST" name="storedatasetup" finished-at="2026-07-04T07:37:34 IST" duration-ms="102" status="PASS">
          <reporter-output>
          </reporter-output>
        </test-method> <!-- storedatasetup -->
        <test-method signature="testpostorder()[pri:1, instance:api.test.StoreTests@33d512c1]" started-at="2026-07-04T07:37:34 IST" name="testpostorder" finished-at="2026-07-04T07:37:36 IST" duration-ms="1143" status="PASS">
          <reporter-output>
          </reporter-output>
        </test-method> <!-- testpostorder -->
        <test-method signature="testgetorder()[pri:2, instance:api.test.StoreTests@33d512c1]" started-at="2026-07-04T07:37:52 IST" name="testgetorder" finished-at="2026-07-04T07:37:53 IST" duration-ms="1101" status="PASS">
          <reporter-output>
          </reporter-output>
        </test-method> <!-- testgetorder -->
        <test-method signature="testdeleteeorder()[pri:3, instance:api.test.StoreTests@33d512c1]" started-at="2026-07-04T07:37:58 IST" name="testdeleteeorder" finished-at="2026-07-04T07:37:59 IST" duration-ms="1098" status="PASS">
          <reporter-output>
          </reporter-output>
        </test-method> <!-- testdeleteeorder -->
      </class> <!-- api.test.StoreTests -->
      <class name="api.test.DDTests">
        <test-method signature="testPostUser(java.lang.String,java.lang.String,java.lang.String,java.lang.String,java.lang.String,java.lang.String,java.lang.String)[pri:1, instance:api.test.DDTests@515c6049]" started-at="2026-07-04T07:37:25 IST" name="testPostUser" data-provider="Data" finished-at="2026-07-04T07:37:29 IST" duration-ms="4226" status="PASS">
          <params>
            <param index="0">
              <value>
                <![CDATA[11234]]>
              </value>
            </param>
            <param index="1">
              <value>
                <![CDATA[testuser1]]>
              </value>
            </param>
            <param index="2">
              <value>
                <![CDATA[John]]>
              </value>
            </param>
            <param index="3">
              <value>
                <![CDATA[Canedy]]>
              </value>
            </param>
            <param index="4">
              <value>
                <![CDATA[a@gmail.com]]>
              </value>
            </param>
            <param index="5">
              <value>
                <![CDATA[test@5678]]>
              </value>
            </param>
            <param index="6">
              <value>
                <![CDATA[123456789]]>
              </value>
            </param>
          </params>
          <reporter-output>
          </reporter-output>
        </test-method> <!-- testPostUser -->
        <test-method signature="testPostUser(java.lang.String,java.lang.String,java.lang.String,java.lang.String,java.lang.String,java.lang.String,java.lang.String)[pri:1, instance:api.test.DDTests@515c6049]" started-at="2026-07-04T07:37:29 IST" name="testPostUser" data-provider="Data" finished-at="2026-07-04T07:37:31 IST" duration-ms="1132" status="PASS">
          <params>
            <param index="0">
              <value>
                <![CDATA[11456]]>
              </value>
            </param>
            <param index="1">
              <value>
                <![CDATA[testuser2]]>
              </value>
            </param>
            <param index="2">
              <value>
                <![CDATA[Kim]]>
              </value>
            </param>
            <param index="3">
              <value>
                <![CDATA[Kom]]>
              </value>
            </param>
            <param index="4">
              <value>
                <![CDATA[b@gmail.com]]>
              </value>
            </param>
            <param index="5">
              <value>
                <![CDATA[test@2465]]>
              </value>
            </param>
            <param index="6">
              <value>
                <![CDATA[234567891]]>
              </value>
            </param>
          </params>
          <reporter-output>
          </reporter-output>
        </test-method> <!-- testPostUser -->
        <test-method signature="testPostUser(java.lang.String,java.lang.String,java.lang.String,java.lang.String,java.lang.String,java.lang.String,java.lang.String)[pri:1, instance:api.test.DDTests@515c6049]" started-at="2026-07-04T07:37:31 IST" name="testPostUser" data-provider="Data" finished-at="2026-07-04T07:37:32 IST" duration-ms="1129" status="PASS">
          <params>
            <param index="0">
              <value>
                <![CDATA[11890]]>
              </value>
            </param>
            <param index="1">
              <value>
                <![CDATA[testuser3]]>
              </value>
            </param>
            <param index="2">
              <value>
                <![CDATA[Steve]]>
              </value>
            </param>
            <param index="3">
              <value>
                <![CDATA[Steve]]>
              </value>
            </param>
            <param index="4">
              <value>
                <![CDATA[c@gmail.com]]>
              </value>
            </param>
            <param index="5">
              <value>
                <![CDATA[test@3380]]>
              </value>
            </param>
            <param index="6">
              <value>
                <![CDATA[345678912]]>
              </value>
            </param>
          </params>
          <reporter-output>
          </reporter-output>
        </test-method> <!-- testPostUser -->
        <test-method signature="testdeleteUser(java.lang.String)[pri:2, instance:api.test.DDTests@515c6049]" started-at="2026-07-04T07:37:47 IST" name="testdeleteUser" data-provider="UserNames" finished-at="2026-07-04T07:37:48 IST" depends-on-methods="api.test.DDTests.testPostUser" duration-ms="1108" status="PASS">
          <params>
            <param index="0">
              <value>
                <![CDATA[testuser1]]>
              </value>
            </param>
          </params>
          <reporter-output>
          </reporter-output>
        </test-method> <!-- testdeleteUser -->
        <test-method signature="testdeleteUser(java.lang.String)[pri:2, instance:api.test.DDTests@515c6049]" started-at="2026-07-04T07:37:48 IST" name="testdeleteUser" data-provider="UserNames" finished-at="2026-07-04T07:37:49 IST" depends-on-methods="api.test.DDTests.testPostUser" duration-ms="1114" status="PASS">
          <params>
            <param index="0">
              <value>
                <![CDATA[testuser2]]>
              </value>
            </param>
          </params>
          <reporter-output>
          </reporter-output>
        </test-method> <!-- testdeleteUser -->
        <test-method signature="testdeleteUser(java.lang.String)[pri:2, instance:api.test.DDTests@515c6049]" started-at="2026-07-04T07:37:49 IST" name="testdeleteUser" data-provider="UserNames" finished-at="2026-07-04T07:37:50 IST" depends-on-methods="api.test.DDTests.testPostUser" duration-ms="1102" status="PASS">
          <params>
            <param index="0">
              <value>
                <![CDATA[testuser3]]>
              </value>
            </param>
          </params>
          <reporter-output>
          </reporter-output>
        </test-method> <!-- testdeleteUser -->
      </class> <!-- api.test.DDTests -->
    </test> <!-- Test -->
  </suite> <!-- Suite -->
</testng-results>
