<?xml version="1.0" encoding="UTF-8"?>
<testng-results ignored="0" total="4" passed="4" failed="0" skipped="0">
  <reporter-output>
  </reporter-output>
  <suite started-at="2026-07-01T17:44:25 IST" name="Suite" finished-at="2026-07-01T17:44:38 IST" duration-ms="13273">
    <groups>
    </groups>
    <test started-at="2026-07-01T17:44:25 IST" name="Test" finished-at="2026-07-01T17:44:38 IST" duration-ms="13273">
      <class name="api.test.UserTests2">
        <test-method is-config="true" signature="setupdata()[pri:0, instance:api.test.UserTests2@7b2bbc3]" started-at="2026-07-01T17:44:26 IST" name="setupdata" finished-at="2026-07-01T17:44:27 IST" duration-ms="627" status="PASS">
          <reporter-output>
          </reporter-output>
        </test-method> <!-- setupdata -->
        <test-method signature="testpostuser()[pri:1, instance:api.test.UserTests2@7b2bbc3]" started-at="2026-07-01T17:44:27 IST" name="testpostuser" finished-at="2026-07-01T17:44:32 IST" duration-ms="5579" status="PASS">
          <reporter-output>
          </reporter-output>
        </test-method> <!-- testpostuser -->
        <test-method signature="testReaduser()[pri:2, instance:api.test.UserTests2@7b2bbc3]" started-at="2026-07-01T17:44:32 IST" name="testReaduser" finished-at="2026-07-01T17:44:35 IST" duration-ms="2542" status="PASS">
          <reporter-output>
          </reporter-output>
        </test-method> <!-- testReaduser -->
        <test-method signature="testUpdateuser()[pri:3, instance:api.test.UserTests2@7b2bbc3]" started-at="2026-07-01T17:44:35 IST" name="testUpdateuser" finished-at="2026-07-01T17:44:37 IST" duration-ms="2374" status="PASS">
          <reporter-output>
          </reporter-output>
        </test-method> <!-- testUpdateuser -->
        <test-method signature="testDeleteuser()[pri:4, instance:api.test.UserTests2@7b2bbc3]" started-at="2026-07-01T17:44:37 IST" name="testDeleteuser" finished-at="2026-07-01T17:44:38 IST" duration-ms="1181" status="PASS">
          <reporter-output>
          </reporter-output>
        </test-method> <!-- testDeleteuser -->
      </class> <!-- api.test.UserTests2 -->
    </test> <!-- Test -->
  </suite> <!-- Suite -->
</testng-results>
