<?xml version="1.0" encoding="UTF-8"?>
<!-- Generated by org.testng.reporters.JUnitReportReporter -->
<testsuite hostname="pc-21" failures="0" tests="4" name="api.test.PetSchemaValidation" time="4.410" errors="0" timestamp="2026-07-10T23:41:04 IST" skipped="0">
  <testcase classname="api.test.PetSchemaValidation" name="TestPostPet" time="1.123"/>
  <testcase classname="api.test.PetSchemaValidation" name="TestGetPet" time="1.125"/>
  <testcase classname="api.test.PetSchemaValidation" name="TestUpdatePet" time="1.077"/>
  <testcase classname="api.test.PetSchemaValidation" name="TestDeletePet" time="1.085"/>
</testsuite> <!-- api.test.PetSchemaValidation -->
