<?xml version="1.0" encoding="UTF-8"?>
<!-- Generated by org.testng.reporters.JUnitReportReporter -->
<testsuite hostname="pc-21" failures="0" tests="3" name="api.test.StoreTests" time="3.254" errors="0" timestamp="2026-07-10T23:41:04 IST" skipped="0">
  <testcase classname="api.test.StoreTests" name="testpostorder" time="1.094"/>
  <testcase classname="api.test.StoreTests" name="testgetorder" time="1.096"/>
  <testcase classname="api.test.StoreTests" name="testdeleteeorder" time="1.064"/>
</testsuite> <!-- api.test.StoreTests -->
