<?xml version="1.0" encoding="UTF-8"?>
<!-- Generated by org.testng.reporters.JUnitReportReporter -->
<testsuite hostname="pc-21" failures="0" tests="12" name="api.test.DDPetTests" time="13.151" errors="0" timestamp="2026-07-10T23:41:04 IST" skipped="0">
  <testcase classname="api.test.DDPetTests" name="TestPostPet" time="1.091"/>
  <testcase classname="api.test.DDPetTests" name="TestPostPet" time="1.092"/>
  <testcase classname="api.test.DDPetTests" name="TestPostPet" time="1.100"/>
  <testcase classname="api.test.DDPetTests" name="TestGetPet" time="1.102"/>
  <testcase classname="api.test.DDPetTests" name="TestGetPet" time="1.108"/>
  <testcase classname="api.test.DDPetTests" name="TestGetPet" time="1.111"/>
  <testcase classname="api.test.DDPetTests" name="TestUpdatePet" time="1.082"/>
  <testcase classname="api.test.DDPetTests" name="TestUpdatePet" time="1.143"/>
  <testcase classname="api.test.DDPetTests" name="TestUpdatePet" time="1.088"/>
  <testcase classname="api.test.DDPetTests" name="TestDeletePet" time="1.068"/>
  <testcase classname="api.test.DDPetTests" name="TestDeletePet" time="1.089"/>
  <testcase classname="api.test.DDPetTests" name="TestDeletePet" time="1.077"/>
</testsuite> <!-- api.test.DDPetTests -->
