<?xml version="1.0" encoding="UTF-8"?>
<!-- Generated by org.testng.reporters.JUnitReportReporter -->
<testsuite hostname="pc-21" failures="0" tests="6" name="api.test.DDStoreTests2" time="6.706" errors="0" timestamp="2026-07-04T07:38:01 IST" skipped="0">
  <testcase classname="api.test.DDStoreTests2" name="testpostorder" time="1.142"/>
  <system-out/>
  <testcase classname="api.test.DDStoreTests2" name="testpostorder" time="1.120"/>
  <system-out/>
  <testcase classname="api.test.DDStoreTests2" name="testgetorder" time="1.111"/>
  <system-out/>
  <testcase classname="api.test.DDStoreTests2" name="testgetorder" time="1.126"/>
  <system-out/>
  <testcase classname="api.test.DDStoreTests2" name="testdeleteeorder" time="1.109"/>
  <system-out/>
  <testcase classname="api.test.DDStoreTests2" name="testdeleteeorder" time="1.098"/>
  <system-out/>
</testsuite> <!-- api.test.DDStoreTests2 -->
