<?xml version="1.0" encoding="UTF-8"?>
<!-- Generated by org.testng.reporters.JUnitReportReporter -->
<testsuite hostname="pc-21" failures="0" tests="6" name="api.test.DDStoreTests2" time="6.596" errors="0" timestamp="2026-07-10T23:41:04 IST" skipped="0">
  <testcase classname="api.test.DDStoreTests2" name="testpostorder" time="1.103"/>
  <testcase classname="api.test.DDStoreTests2" name="testpostorder" time="1.138"/>
  <testcase classname="api.test.DDStoreTests2" name="testgetorder" time="1.082"/>
  <testcase classname="api.test.DDStoreTests2" name="testgetorder" time="1.099"/>
  <testcase classname="api.test.DDStoreTests2" name="testdeleteeorder" time="1.086"/>
  <testcase classname="api.test.DDStoreTests2" name="testdeleteeorder" time="1.088"/>
</testsuite> <!-- api.test.DDStoreTests2 -->
