<?xml version="1.0" encoding="UTF-8"?>
<!-- Generated by org.testng.reporters.JUnitReportReporter -->
<testsuite hostname="pc-21" failures="0" tests="4" name="api.test.UserTests2" time="11.676" errors="0" timestamp="2026-07-01T17:44:39 IST" skipped="0">
  <testcase classname="api.test.UserTests2" name="testpostuser" time="5.579"/>
  <system-out/>
  <testcase classname="api.test.UserTests2" name="testReaduser" time="2.542"/>
  <system-out/>
  <testcase classname="api.test.UserTests2" name="testUpdateuser" time="2.374"/>
  <system-out/>
  <testcase classname="api.test.UserTests2" name="testDeleteuser" time="1.181"/>
  <system-out/>
</testsuite> <!-- api.test.UserTests2 -->
