<?xml version="1.0" encoding="UTF-8"?>
<!-- Generated by org.testng.reporters.JUnitReportReporter -->
<testsuite hostname="pc-21" failures="0" tests="2" name="api.chaining.test.Deletepetdetails" time="2.197" errors="0" timestamp="2026-07-10T23:41:04 IST" skipped="0">
  <testcase classname="api.chaining.test.Deletepetdetails" name="verifypetdeleted" time="1.091"/>
  <testcase classname="api.chaining.test.Deletepetdetails" name="deletepet" time="1.106"/>
</testsuite> <!-- api.chaining.test.Deletepetdetails -->
