<?xml version="1.0" encoding="UTF-8"?>
<!-- Generated by org.testng.reporters.JUnitReportReporter -->
<testsuite hostname="pc-21" failures="0" tests="6" name="api.test.DDTests" time="9.811" errors="0" timestamp="2026-07-04T07:38:01 IST" skipped="0">
  <testcase classname="api.test.DDTests" name="testPostUser" time="4.226"/>
  <system-out/>
  <testcase classname="api.test.DDTests" name="testPostUser" time="1.132"/>
  <system-out/>
  <testcase classname="api.test.DDTests" name="testPostUser" time="1.129"/>
  <system-out/>
  <testcase classname="api.test.DDTests" name="testdeleteUser" time="1.108"/>
  <system-out/>
  <testcase classname="api.test.DDTests" name="testdeleteUser" time="1.114"/>
  <system-out/>
  <testcase classname="api.test.DDTests" name="testdeleteUser" time="1.102"/>
  <system-out/>
</testsuite> <!-- api.test.DDTests -->
