<?xml version="1.0" encoding="UTF-8"?>
<!-- Generated by org.testng.reporters.JUnitReportReporter -->
<testsuite hostname="pc-21" failures="0" tests="6" name="api.test.DDTests" time="9.598" errors="0" timestamp="2026-07-02T19:57:03 IST" skipped="0">
  <testcase classname="api.test.DDTests" name="testPostUser" time="1.206"/>
  <system-out/>
  <testcase classname="api.test.DDTests" name="testPostUser" time="3.893"/>
  <system-out/>
  <testcase classname="api.test.DDTests" name="testPostUser" time="1.128"/>
  <system-out/>
  <testcase classname="api.test.DDTests" name="testdeleteUser" time="1.120"/>
  <system-out/>
  <testcase classname="api.test.DDTests" name="testdeleteUser" time="1.127"/>
  <system-out/>
  <testcase classname="api.test.DDTests" name="testdeleteUser" time="1.124"/>
  <system-out/>
</testsuite> <!-- api.test.DDTests -->
