<?xml version="1.0" encoding="UTF-8"?>
<!-- Generated by org.testng.reporters.JUnitReportReporter -->
<testsuite hostname="pc-21" failures="0" tests="4" name="api.test.PetTests" time="4.603" errors="0" timestamp="2026-07-10T23:41:04 IST" skipped="0">
  <testcase classname="api.test.PetTests" name="TestPostPet" time="1.112"/>
  <testcase classname="api.test.PetTests" name="TestGetPet" time="1.335"/>
  <testcase classname="api.test.PetTests" name="TestUpdatePet" time="1.069"/>
  <testcase classname="api.test.PetTests" name="TestDeletePet" time="1.087"/>
</testsuite> <!-- api.test.PetTests -->
