<?xml version="1.0" encoding="UTF-8"?>
<!-- Generated by org.testng.reporters.JUnitReportReporter -->
<testsuite hostname="pc-21" failures="0" tests="4" name="api.test.UserTests" time="6.644" errors="0" timestamp="2026-07-04T07:38:01 IST" skipped="0">
  <testcase classname="api.test.UserTests" name="testDeleteuser" time="1.130"/>
  <system-out/>
  <testcase classname="api.test.UserTests" name="testReaduser" time="2.115"/>
  <system-out/>
  <testcase classname="api.test.UserTests" name="testUpdateuser" time="2.274"/>
  <system-out/>
  <testcase classname="api.test.UserTests" name="testpostuser" time="1.125"/>
  <system-out/>
</testsuite> <!-- api.test.UserTests -->
