<?xml version="1.0" encoding="UTF-8"?>
<!-- Generated by org.testng.reporters.JUnitReportReporter -->
<testsuite hostname="pc-21" failures="0" tests="4" name="api.test.UserTests" time="7.158" errors="0" timestamp="2026-07-02T19:57:03 IST" skipped="0">
  <testcase classname="api.test.UserTests" name="testUpdateuser" time="2.339"/>
  <system-out/>
  <testcase classname="api.test.UserTests" name="testReaduser" time="2.493"/>
  <system-out/>
  <testcase classname="api.test.UserTests" name="testDeleteuser" time="1.190"/>
  <system-out/>
  <testcase classname="api.test.UserTests" name="testpostuser" time="1.136"/>
  <system-out/>
</testsuite> <!-- api.test.UserTests -->
