<?xml version="1.0" encoding="UTF-8"?>
<!-- Generated by org.testng.reporters.JUnitReportReporter -->
<testsuite hostname="pc-21" failures="0" tests="4" name="api.test.PetTests2" time="4.397" errors="0" timestamp="2026-07-10T23:41:04 IST" skipped="0">
  <testcase classname="api.test.PetTests2" name="TestPostPet" time="1.135"/>
  <testcase classname="api.test.PetTests2" name="TestGetPet" time="1.100"/>
  <testcase classname="api.test.PetTests2" name="TestUpdatePet" time="1.083"/>
  <testcase classname="api.test.PetTests2" name="TestDeletePet" time="1.079"/>
</testsuite> <!-- api.test.PetTests2 -->
