<?xml version="1.0" encoding="UTF-8"?>
<!-- Generated by org.testng.reporters.JUnitReportReporter -->
<testsuite hostname="pc-21" failures="0" tests="3" name="api.test.StoreTests2" time="3.366" errors="0" timestamp="2026-07-10T23:49:46 IST" skipped="0">
  <testcase classname="api.test.StoreTests2" name="testpostorder" time="1.126"/>
  <system-out/>
  <testcase classname="api.test.StoreTests2" name="testgetorder" time="1.126"/>
  <system-out/>
  <testcase classname="api.test.StoreTests2" name="testdeleteeorder" time="1.114"/>
  <system-out/>
</testsuite> <!-- api.test.StoreTests2 -->
