<?xml version="1.0" encoding="UTF-8"?>
<!-- Generated by org.testng.reporters.JUnitReportReporter -->
<testsuite hostname="pc-21" failures="0" tests="4" name="api.test.UserTests2" time="5.537" errors="0" timestamp="2026-07-03T00:13:28 IST" skipped="0">
  <testcase classname="api.test.UserTests2" name="testpostuser" time="1.106"/>
  <system-out/>
  <testcase classname="api.test.UserTests2" name="testReaduser" time="1.104"/>
  <system-out/>
  <testcase classname="api.test.UserTests2" name="testUpdateuser" time="2.226"/>
  <system-out/>
  <testcase classname="api.test.UserTests2" name="testDeleteuser" time="1.101"/>
  <system-out/>
</testsuite> <!-- api.test.UserTests2 -->
