<?xml version="1.0" encoding="UTF-8"?>
<!-- Generated by org.testng.reporters.JUnitReportReporter -->
<testsuite hostname="pc-21" failures="0" tests="2" name="api.chaining.test.Deletepetdetails" time="2.280" errors="0" timestamp="2026-07-10T23:49:46 IST" skipped="0">
  <testcase classname="api.chaining.test.Deletepetdetails" name="deletepet" time="1.138"/>
  <system-out/>
  <testcase classname="api.chaining.test.Deletepetdetails" name="verifypetdeleted" time="1.142"/>
  <system-out/>
</testsuite> <!-- api.chaining.test.Deletepetdetails -->
