<?xml version="1.0" encoding="UTF-8"?>
<!-- Generated by org.testng.reporters.JUnitReportReporter -->
<testsuite hostname="pc-21" failures="0" tests="6" name="api.test.DDStoreTests2" time="7.066" errors="0" timestamp="2026-07-04T07:43:26 IST" skipped="0">
  <testcase classname="api.test.DDStoreTests2" name="testpostorder" time="1.129"/>
  <system-out/>
  <testcase classname="api.test.DDStoreTests2" name="testpostorder" time="1.121"/>
  <system-out/>
  <testcase classname="api.test.DDStoreTests2" name="testgetorder" time="1.192"/>
  <system-out/>
  <testcase classname="api.test.DDStoreTests2" name="testgetorder" time="1.216"/>
  <system-out/>
  <testcase classname="api.test.DDStoreTests2" name="testdeleteeorder" time="1.223"/>
  <system-out/>
  <testcase classname="api.test.DDStoreTests2" name="testdeleteeorder" time="1.185"/>
  <system-out/>
</testsuite> <!-- api.test.DDStoreTests2 -->
