<?xml version="1.0" encoding="UTF-8"?>
<!-- Generated by org.testng.reporters.JUnitReportReporter -->
<testsuite hostname="pc-21" failures="0" tests="4" name="api.test.PetSchemaValidation" time="4.524" errors="0" timestamp="2026-07-10T23:49:46 IST" skipped="0">
  <testcase classname="api.test.PetSchemaValidation" name="TestPostPet" time="1.161"/>
  <system-out/>
  <testcase classname="api.test.PetSchemaValidation" name="TestGetPet" time="1.169"/>
  <system-out/>
  <testcase classname="api.test.PetSchemaValidation" name="TestUpdatePet" time="1.099"/>
  <system-out/>
  <testcase classname="api.test.PetSchemaValidation" name="TestDeletePet" time="1.095"/>
  <system-out/>
</testsuite> <!-- api.test.PetSchemaValidation -->
