<?xml version="1.0" encoding="UTF-8"?>
<!-- Generated by org.testng.reporters.JUnitReportReporter -->
<testsuite hostname="pc-21" failures="0" tests="4" name="api.test.UserTests" time="6.266" errors="0" timestamp="2026-07-04T07:43:26 IST" skipped="0">
  <testcase classname="api.test.UserTests" name="testUpdateuser" time="2.359"/>
  <system-out/>
  <testcase classname="api.test.UserTests" name="testReaduser" time="1.601"/>
  <system-out/>
  <testcase classname="api.test.UserTests" name="testDeleteuser" time="1.196"/>
  <system-out/>
  <testcase classname="api.test.UserTests" name="testpostuser" time="1.110"/>
  <system-out/>
</testsuite> <!-- api.test.UserTests -->
