<?xml version="1.0" encoding="UTF-8"?>
<!-- Generated by org.testng.reporters.JUnitReportReporter -->
<testsuite hostname="pc-21" failures="0" tests="4" name="api.test.PetTests2" time="4.486" errors="0" timestamp="2026-07-10T23:49:47 IST" skipped="0">
  <testcase classname="api.test.PetTests2" name="TestPostPet" time="1.151"/>
  <system-out/>
  <testcase classname="api.test.PetTests2" name="TestGetPet" time="1.142"/>
  <system-out/>
  <testcase classname="api.test.PetTests2" name="TestUpdatePet" time="1.117"/>
  <system-out/>
  <testcase classname="api.test.PetTests2" name="TestDeletePet" time="1.076"/>
  <system-out/>
</testsuite> <!-- api.test.PetTests2 -->
