<?xml version="1.0" encoding="UTF-8"?>
<!-- Generated by org.testng.reporters.JUnitReportReporter -->
<testsuite hostname="pc-21" failures="0" tests="3" name="api.test.StoreTests" time="3.474" errors="0" timestamp="2026-07-04T07:43:26 IST" skipped="0">
  <testcase classname="api.test.StoreTests" name="testpostorder" time="1.115"/>
  <system-out/>
  <testcase classname="api.test.StoreTests" name="testgetorder" time="1.204"/>
  <system-out/>
  <testcase classname="api.test.StoreTests" name="testdeleteeorder" time="1.155"/>
  <system-out/>
</testsuite> <!-- api.test.StoreTests -->
