<?xml version="1.0" encoding="UTF-8"?>
<!-- Generated by org.testng.reporters.JUnitReportReporter -->
<testsuite hostname="pc-21" failures="0" tests="6" name="api.test.DDTests" time="13.127" errors="0" timestamp="2026-07-03T00:13:28 IST" skipped="0">
  <testcase classname="api.test.DDTests" name="testPostUser" time="1.124"/>
  <system-out/>
  <testcase classname="api.test.DDTests" name="testPostUser" time="1.150"/>
  <system-out/>
  <testcase classname="api.test.DDTests" name="testPostUser" time="7.542"/>
  <system-out/>
  <testcase classname="api.test.DDTests" name="testdeleteUser" time="1.104"/>
  <system-out/>
  <testcase classname="api.test.DDTests" name="testdeleteUser" time="1.101"/>
  <system-out/>
  <testcase classname="api.test.DDTests" name="testdeleteUser" time="1.106"/>
  <system-out/>
</testsuite> <!-- api.test.DDTests -->
