<?xml version="1.0" encoding="UTF-8"?>
<!-- Generated by org.testng.reporters.JUnitReportReporter -->
<testsuite hostname="pc-21" failures="0" tests="6" name="api.test.DDStoreTests2" time="6.760" errors="0" timestamp="2026-07-10T23:49:47 IST" skipped="0">
  <testcase classname="api.test.DDStoreTests2" name="testpostorder" time="1.158"/>
  <system-out/>
  <testcase classname="api.test.DDStoreTests2" name="testpostorder" time="1.132"/>
  <system-out/>
  <testcase classname="api.test.DDStoreTests2" name="testgetorder" time="1.129"/>
  <system-out/>
  <testcase classname="api.test.DDStoreTests2" name="testgetorder" time="1.133"/>
  <system-out/>
  <testcase classname="api.test.DDStoreTests2" name="testdeleteeorder" time="1.096"/>
  <system-out/>
  <testcase classname="api.test.DDStoreTests2" name="testdeleteeorder" time="1.112"/>
  <system-out/>
</testsuite> <!-- api.test.DDStoreTests2 -->
