<?xml version="1.0" encoding="UTF-8"?>
<!-- Generated by org.testng.reporters.JUnitReportReporter -->
<testsuite hostname="pc-21" failures="0" tests="12" name="api.test.DDPetTests" time="13.329" errors="0" timestamp="2026-07-10T23:49:47 IST" skipped="0">
  <testcase classname="api.test.DDPetTests" name="TestPostPet" time="1.129"/>
  <system-out/>
  <testcase classname="api.test.DDPetTests" name="TestPostPet" time="1.124"/>
  <system-out/>
  <testcase classname="api.test.DDPetTests" name="TestPostPet" time="1.121"/>
  <system-out/>
  <testcase classname="api.test.DDPetTests" name="TestGetPet" time="1.125"/>
  <system-out/>
  <testcase classname="api.test.DDPetTests" name="TestGetPet" time="1.151"/>
  <system-out/>
  <testcase classname="api.test.DDPetTests" name="TestGetPet" time="1.115"/>
  <system-out/>
  <testcase classname="api.test.DDPetTests" name="TestUpdatePet" time="1.108"/>
  <system-out/>
  <testcase classname="api.test.DDPetTests" name="TestUpdatePet" time="1.099"/>
  <system-out/>
  <testcase classname="api.test.DDPetTests" name="TestUpdatePet" time="1.119"/>
  <system-out/>
  <testcase classname="api.test.DDPetTests" name="TestDeletePet" time="1.067"/>
  <system-out/>
  <testcase classname="api.test.DDPetTests" name="TestDeletePet" time="1.089"/>
  <system-out/>
  <testcase classname="api.test.DDPetTests" name="TestDeletePet" time="1.082"/>
  <system-out/>
</testsuite> <!-- api.test.DDPetTests -->
